	.text
	.syntax unified
	.eabi_attribute	67, "2.09"	@ Tag_conformance
	.cpu	cortex-m0
	.eabi_attribute	6, 12	@ Tag_CPU_arch
	.eabi_attribute	7, 77	@ Tag_CPU_arch_profile
	.eabi_attribute	8, 0	@ Tag_ARM_ISA_use
	.eabi_attribute	9, 1	@ Tag_THUMB_ISA_use
	.eabi_attribute	34, 0	@ Tag_CPU_unaligned_access
	.eabi_attribute	17, 1	@ Tag_ABI_PCS_GOT_use
	.eabi_attribute	20, 2	@ Tag_ABI_FP_denormal
	.eabi_attribute	21, 0	@ Tag_ABI_FP_exceptions
	.eabi_attribute	23, 1	@ Tag_ABI_FP_number_model
	.eabi_attribute	24, 1	@ Tag_ABI_align_needed
	.eabi_attribute	25, 1	@ Tag_ABI_align_preserved
	.eabi_attribute	38, 1	@ Tag_ABI_FP_16bit_format
	.eabi_attribute	18, 2	@ Tag_ABI_PCS_wchar_t
	.eabi_attribute	26, 1	@ Tag_ABI_enum_size
	.eabi_attribute	14, 0	@ Tag_ABI_PCS_R9_use
	.file	"gpio_config.c"
	.file	1 "C:\\Users\\Nitro" "AppData\\Local\\Keil_v5\\ARM\\ARMCLANG\\bin\\..\\include\\stdint.h"
	.file	2 "C:\\Users\\Nitro\\Desktop\\Netelsan\\keil_nuvoton_all_files\\MyGPIOProject\\Keil" "../../M031BSP/Library/Device/Nuvoton/M031/Include\\sys_reg.h"
	.section	.text.gpio_config_init_ice,"ax",%progbits
	.hidden	gpio_config_init_ice            @ -- Begin function gpio_config_init_ice
	.globl	gpio_config_init_ice
	.p2align	2
	.type	gpio_config_init_ice,%function
	.code	16                              @ @gpio_config_init_ice
	.thumb_func
gpio_config_init_ice:
.Lfunc_begin0:
	.file	3 "C:\\Users\\Nitro\\Desktop\\Netelsan\\keil_nuvoton_all_files\\MyGPIOProject\\Keil" "../gpio_config.c"
	.loc	3 19 0                          @ ../gpio_config.c:19:0
	.fnstart
	.cfi_sections .debug_frame
	.cfi_startproc
@ %bb.0:
	ldr	r0, __arm_cp.0_0
.Ltmp0:
	.loc	3 20 19 prologue_end            @ ../gpio_config.c:20:19
	ldr	r1, [r0]
	movs	r2, #255
	bics	r1, r2
	str	r1, [r0]
	.loc	3 21 19                         @ ../gpio_config.c:21:19
	ldr	r1, [r0]
	movs	r2, #238
	orrs	r2, r1
	str	r2, [r0]
	.loc	3 23 5                          @ ../gpio_config.c:23:5
	bx	lr
.Ltmp1:
	.loc	3 0 5 is_stmt 0                 @ :0:5
.Ltmp2:
	.p2align	2
@ %bb.1:
__arm_cp.0_0:
	.long	1073741912                      @ 0x40000058
.Lcpi_end0:
	.size	__arm_cp.0_0, .Lcpi_end0-__arm_cp.0_0
.Lfunc_end0:
	.size	gpio_config_init_ice, .Lfunc_end0-gpio_config_init_ice
	.cfi_endproc
	.cantunwind
	.fnend
                                        @ -- End function
	.section	.text.gpio_config_deinit_ice,"ax",%progbits
	.hidden	gpio_config_deinit_ice          @ -- Begin function gpio_config_deinit_ice
	.globl	gpio_config_deinit_ice
	.p2align	2
	.type	gpio_config_deinit_ice,%function
	.code	16                              @ @gpio_config_deinit_ice
	.thumb_func
gpio_config_deinit_ice:
.Lfunc_begin1:
	.loc	3 27 0 is_stmt 1                @ ../gpio_config.c:27:0
	.fnstart
	.cfi_startproc
@ %bb.0:
	ldr	r0, __arm_cp.1_0
.Ltmp3:
	.loc	3 28 19 prologue_end            @ ../gpio_config.c:28:19
	ldr	r1, [r0]
	movs	r2, #255
	bics	r1, r2
	str	r1, [r0]
	.loc	3 30 5                          @ ../gpio_config.c:30:5
	bx	lr
.Ltmp4:
	.loc	3 0 5 is_stmt 0                 @ :0:5
.Ltmp5:
	.p2align	2
@ %bb.1:
__arm_cp.1_0:
	.long	1073741912                      @ 0x40000058
.Lcpi_end1:
	.size	__arm_cp.1_0, .Lcpi_end1-__arm_cp.1_0
.Lfunc_end1:
	.size	gpio_config_deinit_ice, .Lfunc_end1-gpio_config_deinit_ice
	.cfi_endproc
	.cantunwind
	.fnend
                                        @ -- End function
	.section	.text.gpio_config_init_pb,"ax",%progbits
	.hidden	gpio_config_init_pb             @ -- Begin function gpio_config_init_pb
	.globl	gpio_config_init_pb
	.p2align	2
	.type	gpio_config_init_pb,%function
	.code	16                              @ @gpio_config_init_pb
	.thumb_func
gpio_config_init_pb:
.Lfunc_begin2:
	.loc	3 34 0 is_stmt 1                @ ../gpio_config.c:34:0
	.fnstart
	.cfi_startproc
@ %bb.0:
	movs	r0, #15
	lsls	r0, r0, #24
	ldr	r1, __arm_cp.2_0
.Ltmp6:
	.loc	3 35 19 prologue_end            @ ../gpio_config.c:35:19
	ldr	r2, [r1]
	bics	r2, r0
	str	r2, [r1]
	.loc	3 36 19                         @ ../gpio_config.c:36:19
	ldr	r0, [r1]
	str	r0, [r1]
	.loc	3 38 5                          @ ../gpio_config.c:38:5
	bx	lr
.Ltmp7:
	.loc	3 0 5 is_stmt 0                 @ :0:5
.Ltmp8:
	.p2align	2
@ %bb.1:
__arm_cp.2_0:
	.long	1073741884                      @ 0x4000003c
.Lcpi_end2:
	.size	__arm_cp.2_0, .Lcpi_end2-__arm_cp.2_0
.Lfunc_end2:
	.size	gpio_config_init_pb, .Lfunc_end2-gpio_config_init_pb
	.cfi_endproc
	.cantunwind
	.fnend
                                        @ -- End function
	.section	.text.gpio_config_deinit_pb,"ax",%progbits
	.hidden	gpio_config_deinit_pb           @ -- Begin function gpio_config_deinit_pb
	.globl	gpio_config_deinit_pb
	.p2align	2
	.type	gpio_config_deinit_pb,%function
	.code	16                              @ @gpio_config_deinit_pb
	.thumb_func
gpio_config_deinit_pb:
.Lfunc_begin3:
	.loc	3 42 0 is_stmt 1                @ ../gpio_config.c:42:0
	.fnstart
	.cfi_startproc
@ %bb.0:
	movs	r0, #15
	lsls	r0, r0, #24
	ldr	r1, __arm_cp.3_0
.Ltmp9:
	.loc	3 43 19 prologue_end            @ ../gpio_config.c:43:19
	ldr	r2, [r1]
	bics	r2, r0
	str	r2, [r1]
	.loc	3 45 5                          @ ../gpio_config.c:45:5
	bx	lr
.Ltmp10:
	.loc	3 0 5 is_stmt 0                 @ :0:5
.Ltmp11:
	.p2align	2
@ %bb.1:
__arm_cp.3_0:
	.long	1073741884                      @ 0x4000003c
.Lcpi_end3:
	.size	__arm_cp.3_0, .Lcpi_end3-__arm_cp.3_0
.Lfunc_end3:
	.size	gpio_config_deinit_pb, .Lfunc_end3-gpio_config_deinit_pb
	.cfi_endproc
	.cantunwind
	.fnend
                                        @ -- End function
	.section	.text.gpio_config_init_pc,"ax",%progbits
	.hidden	gpio_config_init_pc             @ -- Begin function gpio_config_init_pc
	.globl	gpio_config_init_pc
	.p2align	2
	.type	gpio_config_init_pc,%function
	.code	16                              @ @gpio_config_init_pc
	.thumb_func
gpio_config_init_pc:
.Lfunc_begin4:
	.loc	3 49 0 is_stmt 1                @ ../gpio_config.c:49:0
	.fnstart
	.cfi_startproc
@ %bb.0:
	movs	r0, #255
	lsls	r0, r0, #16
	ldr	r1, __arm_cp.4_0
.Ltmp12:
	.loc	3 50 19 prologue_end            @ ../gpio_config.c:50:19
	ldr	r2, [r1]
	bics	r2, r0
	str	r2, [r1]
	.loc	3 51 19                         @ ../gpio_config.c:51:19
	ldr	r0, [r1]
	str	r0, [r1]
	.loc	3 53 5                          @ ../gpio_config.c:53:5
	bx	lr
.Ltmp13:
	.loc	3 0 5 is_stmt 0                 @ :0:5
.Ltmp14:
	.p2align	2
@ %bb.1:
__arm_cp.4_0:
	.long	1073741888                      @ 0x40000040
.Lcpi_end4:
	.size	__arm_cp.4_0, .Lcpi_end4-__arm_cp.4_0
.Lfunc_end4:
	.size	gpio_config_init_pc, .Lfunc_end4-gpio_config_init_pc
	.cfi_endproc
	.cantunwind
	.fnend
                                        @ -- End function
	.section	.text.gpio_config_deinit_pc,"ax",%progbits
	.hidden	gpio_config_deinit_pc           @ -- Begin function gpio_config_deinit_pc
	.globl	gpio_config_deinit_pc
	.p2align	2
	.type	gpio_config_deinit_pc,%function
	.code	16                              @ @gpio_config_deinit_pc
	.thumb_func
gpio_config_deinit_pc:
.Lfunc_begin5:
	.loc	3 57 0 is_stmt 1                @ ../gpio_config.c:57:0
	.fnstart
	.cfi_startproc
@ %bb.0:
	movs	r0, #255
	lsls	r0, r0, #16
	ldr	r1, __arm_cp.5_0
.Ltmp15:
	.loc	3 58 19 prologue_end            @ ../gpio_config.c:58:19
	ldr	r2, [r1]
	bics	r2, r0
	str	r2, [r1]
	.loc	3 60 5                          @ ../gpio_config.c:60:5
	bx	lr
.Ltmp16:
	.loc	3 0 5 is_stmt 0                 @ :0:5
.Ltmp17:
	.p2align	2
@ %bb.1:
__arm_cp.5_0:
	.long	1073741888                      @ 0x40000040
.Lcpi_end5:
	.size	__arm_cp.5_0, .Lcpi_end5-__arm_cp.5_0
.Lfunc_end5:
	.size	gpio_config_deinit_pc, .Lfunc_end5-gpio_config_deinit_pc
	.cfi_endproc
	.cantunwind
	.fnend
                                        @ -- End function
	.section	.text.gpio_config_init_uart0,"ax",%progbits
	.hidden	gpio_config_init_uart0          @ -- Begin function gpio_config_init_uart0
	.globl	gpio_config_init_uart0
	.p2align	2
	.type	gpio_config_init_uart0,%function
	.code	16                              @ @gpio_config_init_uart0
	.thumb_func
gpio_config_init_uart0:
.Lfunc_begin6:
	.loc	3 64 0 is_stmt 1                @ ../gpio_config.c:64:0
	.fnstart
	.cfi_startproc
@ %bb.0:
	movs	r0, #255
	lsls	r0, r0, #16
	ldr	r1, __arm_cp.6_0
.Ltmp18:
	.loc	3 65 19 prologue_end            @ ../gpio_config.c:65:19
	ldr	r2, [r1]
	bics	r2, r0
	str	r2, [r1]
	movs	r0, #51
	lsls	r0, r0, #17
	.loc	3 66 19                         @ ../gpio_config.c:66:19
	ldr	r2, [r1]
	orrs	r2, r0
	str	r2, [r1]
	.loc	3 68 5                          @ ../gpio_config.c:68:5
	bx	lr
.Ltmp19:
	.loc	3 0 5 is_stmt 0                 @ :0:5
.Ltmp20:
	.p2align	2
@ %bb.1:
__arm_cp.6_0:
	.long	1073741884                      @ 0x4000003c
.Lcpi_end6:
	.size	__arm_cp.6_0, .Lcpi_end6-__arm_cp.6_0
.Lfunc_end6:
	.size	gpio_config_init_uart0, .Lfunc_end6-gpio_config_init_uart0
	.cfi_endproc
	.cantunwind
	.fnend
                                        @ -- End function
	.section	.text.gpio_config_deinit_uart0,"ax",%progbits
	.hidden	gpio_config_deinit_uart0        @ -- Begin function gpio_config_deinit_uart0
	.globl	gpio_config_deinit_uart0
	.p2align	2
	.type	gpio_config_deinit_uart0,%function
	.code	16                              @ @gpio_config_deinit_uart0
	.thumb_func
gpio_config_deinit_uart0:
.Lfunc_begin7:
	.loc	3 72 0 is_stmt 1                @ ../gpio_config.c:72:0
	.fnstart
	.cfi_startproc
@ %bb.0:
	movs	r0, #255
	lsls	r0, r0, #16
	ldr	r1, __arm_cp.7_0
.Ltmp21:
	.loc	3 73 19 prologue_end            @ ../gpio_config.c:73:19
	ldr	r2, [r1]
	bics	r2, r0
	str	r2, [r1]
	.loc	3 75 5                          @ ../gpio_config.c:75:5
	bx	lr
.Ltmp22:
	.loc	3 0 5 is_stmt 0                 @ :0:5
.Ltmp23:
	.p2align	2
@ %bb.1:
__arm_cp.7_0:
	.long	1073741884                      @ 0x4000003c
.Lcpi_end7:
	.size	__arm_cp.7_0, .Lcpi_end7-__arm_cp.7_0
.Lfunc_end7:
	.size	gpio_config_deinit_uart0, .Lfunc_end7-gpio_config_deinit_uart0
	.cfi_endproc
	.cantunwind
	.fnend
                                        @ -- End function
	.section	.text.gpio_config_init,"ax",%progbits
	.hidden	gpio_config_init                @ -- Begin function gpio_config_init
	.globl	gpio_config_init
	.p2align	2
	.type	gpio_config_init,%function
	.code	16                              @ @gpio_config_init
	.thumb_func
gpio_config_init:
.Lfunc_begin8:
	.loc	3 79 0 is_stmt 1                @ ../gpio_config.c:79:0
	.fnstart
	.cfi_startproc
@ %bb.0:
	ldr	r0, __arm_cp.8_0
.Ltmp24:
	.loc	3 20 19 prologue_end            @ ../gpio_config.c:20:19
	ldr	r1, [r0, #28]
	movs	r2, #255
	bics	r1, r2
	str	r1, [r0, #28]
	.loc	3 21 19                         @ ../gpio_config.c:21:19
	ldr	r1, [r0, #28]
	movs	r2, #238
	orrs	r2, r1
	str	r2, [r0, #28]
	movs	r1, #15
	lsls	r1, r1, #24
.Ltmp25:
	.loc	3 35 19                         @ ../gpio_config.c:35:19
	ldr	r2, [r0]
	bics	r2, r1
	str	r2, [r0]
	.loc	3 36 19                         @ ../gpio_config.c:36:19
	ldr	r1, [r0]
	str	r1, [r0]
.Ltmp26:
	.loc	3 50 19                         @ ../gpio_config.c:50:19
	ldr	r1, [r0, #4]
	ldr	r2, __arm_cp.8_1
	ands	r1, r2
	str	r1, [r0, #4]
	.loc	3 51 19                         @ ../gpio_config.c:51:19
	ldr	r1, [r0, #4]
	str	r1, [r0, #4]
.Ltmp27:
	.loc	3 65 19                         @ ../gpio_config.c:65:19
	ldr	r1, [r0]
	ands	r1, r2
	str	r1, [r0]
	movs	r1, #51
	lsls	r1, r1, #17
	.loc	3 66 19                         @ ../gpio_config.c:66:19
	ldr	r2, [r0]
	orrs	r2, r1
	str	r2, [r0]
.Ltmp28:
	.loc	3 96 5                          @ ../gpio_config.c:96:5
	bx	lr
.Ltmp29:
	.loc	3 0 5 is_stmt 0                 @ :0:5
.Ltmp30:
	.p2align	2
@ %bb.1:
__arm_cp.8_0:
	.long	1073741884                      @ 0x4000003c
.Lcpi_end8:
	.size	__arm_cp.8_0, .Lcpi_end8-__arm_cp.8_0
__arm_cp.8_1:
	.long	4278255615                      @ 0xff00ffff
.Lcpi_end9:
	.size	__arm_cp.8_1, .Lcpi_end9-__arm_cp.8_1
.Lfunc_end8:
	.size	gpio_config_init, .Lfunc_end8-gpio_config_init
	.cfi_endproc
	.cantunwind
	.fnend
                                        @ -- End function
	.section	.text.gpio_config_deinit,"ax",%progbits
	.hidden	gpio_config_deinit              @ -- Begin function gpio_config_deinit
	.globl	gpio_config_deinit
	.p2align	2
	.type	gpio_config_deinit,%function
	.code	16                              @ @gpio_config_deinit
	.thumb_func
gpio_config_deinit:
.Lfunc_begin9:
	.loc	3 100 0 is_stmt 1               @ ../gpio_config.c:100:0
	.fnstart
	.cfi_startproc
@ %bb.0:
	ldr	r0, __arm_cp.9_0
.Ltmp31:
	.loc	3 28 19 prologue_end            @ ../gpio_config.c:28:19
	ldr	r1, [r0, #28]
	movs	r2, #255
	bics	r1, r2
	str	r1, [r0, #28]
	movs	r1, #15
	lsls	r1, r1, #24
.Ltmp32:
	.loc	3 43 19                         @ ../gpio_config.c:43:19
	ldr	r2, [r0]
	bics	r2, r1
	str	r2, [r0]
.Ltmp33:
	.loc	3 58 19                         @ ../gpio_config.c:58:19
	ldr	r1, [r0, #4]
	ldr	r2, __arm_cp.9_1
	ands	r1, r2
	str	r1, [r0, #4]
.Ltmp34:
	.loc	3 73 19                         @ ../gpio_config.c:73:19
	ldr	r1, [r0]
	ands	r1, r2
	str	r1, [r0]
.Ltmp35:
	.loc	3 106 5                         @ ../gpio_config.c:106:5
	bx	lr
.Ltmp36:
	.loc	3 0 5 is_stmt 0                 @ :0:5
.Ltmp37:
	.p2align	2
@ %bb.1:
__arm_cp.9_0:
	.long	1073741884                      @ 0x4000003c
.Lcpi_end10:
	.size	__arm_cp.9_0, .Lcpi_end10-__arm_cp.9_0
__arm_cp.9_1:
	.long	4278255615                      @ 0xff00ffff
.Lcpi_end11:
	.size	__arm_cp.9_1, .Lcpi_end11-__arm_cp.9_1
.Lfunc_end9:
	.size	gpio_config_deinit, .Lfunc_end9-gpio_config_deinit
	.cfi_endproc
	.cantunwind
	.fnend
                                        @ -- End function
	.section	.debug_abbrev,"",%progbits
	.byte	1                               @ Abbreviation Code
	.byte	17                              @ DW_TAG_compile_unit
	.byte	1                               @ DW_CHILDREN_yes
	.byte	37                              @ DW_AT_producer
	.byte	14                              @ DW_FORM_strp
	.byte	19                              @ DW_AT_language
	.byte	5                               @ DW_FORM_data2
	.byte	3                               @ DW_AT_name
	.byte	14                              @ DW_FORM_strp
	.byte	16                              @ DW_AT_stmt_list
	.byte	23                              @ DW_FORM_sec_offset
	.byte	27                              @ DW_AT_comp_dir
	.byte	14                              @ DW_FORM_strp
	.byte	17                              @ DW_AT_low_pc
	.byte	1                               @ DW_FORM_addr
	.byte	85                              @ DW_AT_ranges
	.byte	23                              @ DW_FORM_sec_offset
	.byte	0                               @ EOM(1)
	.byte	0                               @ EOM(2)
	.byte	2                               @ Abbreviation Code
	.byte	15                              @ DW_TAG_pointer_type
	.byte	0                               @ DW_CHILDREN_no
	.byte	73                              @ DW_AT_type
	.byte	19                              @ DW_FORM_ref4
	.byte	0                               @ EOM(1)
	.byte	0                               @ EOM(2)
	.byte	3                               @ Abbreviation Code
	.byte	22                              @ DW_TAG_typedef
	.byte	0                               @ DW_CHILDREN_no
	.byte	73                              @ DW_AT_type
	.byte	19                              @ DW_FORM_ref4
	.byte	3                               @ DW_AT_name
	.byte	14                              @ DW_FORM_strp
	.byte	58                              @ DW_AT_decl_file
	.byte	11                              @ DW_FORM_data1
	.byte	59                              @ DW_AT_decl_line
	.byte	5                               @ DW_FORM_data2
	.byte	0                               @ EOM(1)
	.byte	0                               @ EOM(2)
	.byte	4                               @ Abbreviation Code
	.byte	19                              @ DW_TAG_structure_type
	.byte	1                               @ DW_CHILDREN_yes
	.byte	11                              @ DW_AT_byte_size
	.byte	5                               @ DW_FORM_data2
	.byte	58                              @ DW_AT_decl_file
	.byte	11                              @ DW_FORM_data1
	.byte	59                              @ DW_AT_decl_line
	.byte	11                              @ DW_FORM_data1
	.byte	0                               @ EOM(1)
	.byte	0                               @ EOM(2)
	.byte	5                               @ Abbreviation Code
	.byte	13                              @ DW_TAG_member
	.byte	0                               @ DW_CHILDREN_no
	.byte	3                               @ DW_AT_name
	.byte	14                              @ DW_FORM_strp
	.byte	73                              @ DW_AT_type
	.byte	19                              @ DW_FORM_ref4
	.byte	58                              @ DW_AT_decl_file
	.byte	11                              @ DW_FORM_data1
	.byte	59                              @ DW_AT_decl_line
	.byte	5                               @ DW_FORM_data2
	.byte	56                              @ DW_AT_data_member_location
	.byte	11                              @ DW_FORM_data1
	.byte	0                               @ EOM(1)
	.byte	0                               @ EOM(2)
	.byte	6                               @ Abbreviation Code
	.byte	13                              @ DW_TAG_member
	.byte	0                               @ DW_CHILDREN_no
	.byte	3                               @ DW_AT_name
	.byte	14                              @ DW_FORM_strp
	.byte	73                              @ DW_AT_type
	.byte	19                              @ DW_FORM_ref4
	.byte	58                              @ DW_AT_decl_file
	.byte	11                              @ DW_FORM_data1
	.byte	59                              @ DW_AT_decl_line
	.byte	5                               @ DW_FORM_data2
	.byte	56                              @ DW_AT_data_member_location
	.byte	5                               @ DW_FORM_data2
	.byte	0                               @ EOM(1)
	.byte	0                               @ EOM(2)
	.byte	7                               @ Abbreviation Code
	.byte	38                              @ DW_TAG_const_type
	.byte	0                               @ DW_CHILDREN_no
	.byte	73                              @ DW_AT_type
	.byte	19                              @ DW_FORM_ref4
	.byte	0                               @ EOM(1)
	.byte	0                               @ EOM(2)
	.byte	8                               @ Abbreviation Code
	.byte	53                              @ DW_TAG_volatile_type
	.byte	0                               @ DW_CHILDREN_no
	.byte	73                              @ DW_AT_type
	.byte	19                              @ DW_FORM_ref4
	.byte	0                               @ EOM(1)
	.byte	0                               @ EOM(2)
	.byte	9                               @ Abbreviation Code
	.byte	22                              @ DW_TAG_typedef
	.byte	0                               @ DW_CHILDREN_no
	.byte	73                              @ DW_AT_type
	.byte	19                              @ DW_FORM_ref4
	.byte	3                               @ DW_AT_name
	.byte	14                              @ DW_FORM_strp
	.byte	58                              @ DW_AT_decl_file
	.byte	11                              @ DW_FORM_data1
	.byte	59                              @ DW_AT_decl_line
	.byte	11                              @ DW_FORM_data1
	.byte	0                               @ EOM(1)
	.byte	0                               @ EOM(2)
	.byte	10                              @ Abbreviation Code
	.byte	36                              @ DW_TAG_base_type
	.byte	0                               @ DW_CHILDREN_no
	.byte	3                               @ DW_AT_name
	.byte	14                              @ DW_FORM_strp
	.byte	62                              @ DW_AT_encoding
	.byte	11                              @ DW_FORM_data1
	.byte	11                              @ DW_AT_byte_size
	.byte	11                              @ DW_FORM_data1
	.byte	0                               @ EOM(1)
	.byte	0                               @ EOM(2)
	.byte	11                              @ Abbreviation Code
	.byte	1                               @ DW_TAG_array_type
	.byte	1                               @ DW_CHILDREN_yes
	.byte	73                              @ DW_AT_type
	.byte	19                              @ DW_FORM_ref4
	.byte	0                               @ EOM(1)
	.byte	0                               @ EOM(2)
	.byte	12                              @ Abbreviation Code
	.byte	33                              @ DW_TAG_subrange_type
	.byte	0                               @ DW_CHILDREN_no
	.byte	73                              @ DW_AT_type
	.byte	19                              @ DW_FORM_ref4
	.byte	55                              @ DW_AT_count
	.byte	11                              @ DW_FORM_data1
	.byte	0                               @ EOM(1)
	.byte	0                               @ EOM(2)
	.byte	13                              @ Abbreviation Code
	.byte	36                              @ DW_TAG_base_type
	.byte	0                               @ DW_CHILDREN_no
	.byte	3                               @ DW_AT_name
	.byte	14                              @ DW_FORM_strp
	.byte	11                              @ DW_AT_byte_size
	.byte	11                              @ DW_FORM_data1
	.byte	62                              @ DW_AT_encoding
	.byte	11                              @ DW_FORM_data1
	.byte	0                               @ EOM(1)
	.byte	0                               @ EOM(2)
	.byte	14                              @ Abbreviation Code
	.byte	46                              @ DW_TAG_subprogram
	.byte	0                               @ DW_CHILDREN_no
	.byte	17                              @ DW_AT_low_pc
	.byte	1                               @ DW_FORM_addr
	.byte	18                              @ DW_AT_high_pc
	.byte	6                               @ DW_FORM_data4
	.byte	64                              @ DW_AT_frame_base
	.byte	24                              @ DW_FORM_exprloc
	.ascii	"\227B"                         @ DW_AT_GNU_all_call_sites
	.byte	25                              @ DW_FORM_flag_present
	.byte	49                              @ DW_AT_abstract_origin
	.byte	19                              @ DW_FORM_ref4
	.byte	0                               @ EOM(1)
	.byte	0                               @ EOM(2)
	.byte	15                              @ Abbreviation Code
	.byte	46                              @ DW_TAG_subprogram
	.byte	0                               @ DW_CHILDREN_no
	.byte	3                               @ DW_AT_name
	.byte	14                              @ DW_FORM_strp
	.byte	58                              @ DW_AT_decl_file
	.byte	11                              @ DW_FORM_data1
	.byte	59                              @ DW_AT_decl_line
	.byte	11                              @ DW_FORM_data1
	.byte	39                              @ DW_AT_prototyped
	.byte	25                              @ DW_FORM_flag_present
	.byte	63                              @ DW_AT_external
	.byte	25                              @ DW_FORM_flag_present
	.byte	32                              @ DW_AT_inline
	.byte	11                              @ DW_FORM_data1
	.byte	0                               @ EOM(1)
	.byte	0                               @ EOM(2)
	.byte	16                              @ Abbreviation Code
	.byte	46                              @ DW_TAG_subprogram
	.byte	1                               @ DW_CHILDREN_yes
	.byte	17                              @ DW_AT_low_pc
	.byte	1                               @ DW_FORM_addr
	.byte	18                              @ DW_AT_high_pc
	.byte	6                               @ DW_FORM_data4
	.byte	64                              @ DW_AT_frame_base
	.byte	24                              @ DW_FORM_exprloc
	.ascii	"\227B"                         @ DW_AT_GNU_all_call_sites
	.byte	25                              @ DW_FORM_flag_present
	.byte	3                               @ DW_AT_name
	.byte	14                              @ DW_FORM_strp
	.byte	58                              @ DW_AT_decl_file
	.byte	11                              @ DW_FORM_data1
	.byte	59                              @ DW_AT_decl_line
	.byte	11                              @ DW_FORM_data1
	.byte	39                              @ DW_AT_prototyped
	.byte	25                              @ DW_FORM_flag_present
	.byte	63                              @ DW_AT_external
	.byte	25                              @ DW_FORM_flag_present
	.byte	0                               @ EOM(1)
	.byte	0                               @ EOM(2)
	.byte	17                              @ Abbreviation Code
	.byte	29                              @ DW_TAG_inlined_subroutine
	.byte	0                               @ DW_CHILDREN_no
	.byte	49                              @ DW_AT_abstract_origin
	.byte	19                              @ DW_FORM_ref4
	.byte	17                              @ DW_AT_low_pc
	.byte	1                               @ DW_FORM_addr
	.byte	18                              @ DW_AT_high_pc
	.byte	6                               @ DW_FORM_data4
	.byte	88                              @ DW_AT_call_file
	.byte	11                              @ DW_FORM_data1
	.byte	89                              @ DW_AT_call_line
	.byte	11                              @ DW_FORM_data1
	.byte	87                              @ DW_AT_call_column
	.byte	11                              @ DW_FORM_data1
	.byte	0                               @ EOM(1)
	.byte	0                               @ EOM(2)
	.byte	0                               @ EOM(3)
	.section	.debug_info,"",%progbits
.Lcu_begin0:
	.long	.Ldebug_info_end0-.Ldebug_info_start0 @ Length of Unit
.Ldebug_info_start0:
	.short	4                               @ DWARF version number
	.long	.debug_abbrev                   @ Offset Into Abbrev. Section
	.byte	4                               @ Address Size (in bytes)
	.byte	1                               @ Abbrev [1] 0xb:0x54c DW_TAG_compile_unit
	.long	.Linfo_string0                  @ DW_AT_producer
	.short	12                              @ DW_AT_language
	.long	.Linfo_string1                  @ DW_AT_name
	.long	.Lline_table_start0             @ DW_AT_stmt_list
	.long	.Linfo_string2                  @ DW_AT_comp_dir
	.long	0                               @ DW_AT_low_pc
	.long	.Ldebug_ranges0                 @ DW_AT_ranges
	.byte	2                               @ Abbrev [2] 0x26:0x5 DW_TAG_pointer_type
	.long	43                              @ DW_AT_type
	.byte	3                               @ Abbrev [3] 0x2b:0xc DW_TAG_typedef
	.long	55                              @ DW_AT_type
	.long	.Linfo_string68                 @ DW_AT_name
	.byte	2                               @ DW_AT_decl_file
	.short	641                             @ DW_AT_decl_line
	.byte	4                               @ Abbrev [4] 0x37:0x340 DW_TAG_structure_type
	.short	496                             @ DW_AT_byte_size
	.byte	2                               @ DW_AT_decl_file
	.byte	26                              @ DW_AT_decl_line
	.byte	5                               @ Abbrev [5] 0x3c:0xd DW_TAG_member
	.long	.Linfo_string3                  @ DW_AT_name
	.long	887                             @ DW_AT_type
	.byte	2                               @ DW_AT_decl_file
	.short	579                             @ DW_AT_decl_line
	.byte	0                               @ DW_AT_data_member_location
	.byte	5                               @ Abbrev [5] 0x49:0xd DW_TAG_member
	.long	.Linfo_string6                  @ DW_AT_name
	.long	892                             @ DW_AT_type
	.byte	2                               @ DW_AT_decl_file
	.short	580                             @ DW_AT_decl_line
	.byte	4                               @ DW_AT_data_member_location
	.byte	5                               @ Abbrev [5] 0x56:0xd DW_TAG_member
	.long	.Linfo_string7                  @ DW_AT_name
	.long	892                             @ DW_AT_type
	.byte	2                               @ DW_AT_decl_file
	.short	581                             @ DW_AT_decl_line
	.byte	8                               @ DW_AT_data_member_location
	.byte	5                               @ Abbrev [5] 0x63:0xd DW_TAG_member
	.long	.Linfo_string8                  @ DW_AT_name
	.long	892                             @ DW_AT_type
	.byte	2                               @ DW_AT_decl_file
	.short	582                             @ DW_AT_decl_line
	.byte	12                              @ DW_AT_data_member_location
	.byte	5                               @ Abbrev [5] 0x70:0xd DW_TAG_member
	.long	.Linfo_string9                  @ DW_AT_name
	.long	892                             @ DW_AT_type
	.byte	2                               @ DW_AT_decl_file
	.short	583                             @ DW_AT_decl_line
	.byte	16                              @ DW_AT_data_member_location
	.byte	5                               @ Abbrev [5] 0x7d:0xd DW_TAG_member
	.long	.Linfo_string10                 @ DW_AT_name
	.long	915                             @ DW_AT_type
	.byte	2                               @ DW_AT_decl_file
	.short	584                             @ DW_AT_decl_line
	.byte	20                              @ DW_AT_data_member_location
	.byte	5                               @ Abbrev [5] 0x8a:0xd DW_TAG_member
	.long	.Linfo_string12                 @ DW_AT_name
	.long	892                             @ DW_AT_type
	.byte	2                               @ DW_AT_decl_file
	.short	585                             @ DW_AT_decl_line
	.byte	24                              @ DW_AT_data_member_location
	.byte	5                               @ Abbrev [5] 0x97:0xd DW_TAG_member
	.long	.Linfo_string13                 @ DW_AT_name
	.long	934                             @ DW_AT_type
	.byte	2                               @ DW_AT_decl_file
	.short	586                             @ DW_AT_decl_line
	.byte	28                              @ DW_AT_data_member_location
	.byte	5                               @ Abbrev [5] 0xa4:0xd DW_TAG_member
	.long	.Linfo_string14                 @ DW_AT_name
	.long	892                             @ DW_AT_type
	.byte	2                               @ DW_AT_decl_file
	.short	587                             @ DW_AT_decl_line
	.byte	36                              @ DW_AT_data_member_location
	.byte	5                               @ Abbrev [5] 0xb1:0xd DW_TAG_member
	.long	.Linfo_string15                 @ DW_AT_name
	.long	934                             @ DW_AT_type
	.byte	2                               @ DW_AT_decl_file
	.short	588                             @ DW_AT_decl_line
	.byte	40                              @ DW_AT_data_member_location
	.byte	5                               @ Abbrev [5] 0xbe:0xd DW_TAG_member
	.long	.Linfo_string16                 @ DW_AT_name
	.long	892                             @ DW_AT_type
	.byte	2                               @ DW_AT_decl_file
	.short	589                             @ DW_AT_decl_line
	.byte	48                              @ DW_AT_data_member_location
	.byte	5                               @ Abbrev [5] 0xcb:0xd DW_TAG_member
	.long	.Linfo_string17                 @ DW_AT_name
	.long	892                             @ DW_AT_type
	.byte	2                               @ DW_AT_decl_file
	.short	590                             @ DW_AT_decl_line
	.byte	52                              @ DW_AT_data_member_location
	.byte	5                               @ Abbrev [5] 0xd8:0xd DW_TAG_member
	.long	.Linfo_string18                 @ DW_AT_name
	.long	892                             @ DW_AT_type
	.byte	2                               @ DW_AT_decl_file
	.short	591                             @ DW_AT_decl_line
	.byte	56                              @ DW_AT_data_member_location
	.byte	5                               @ Abbrev [5] 0xe5:0xd DW_TAG_member
	.long	.Linfo_string19                 @ DW_AT_name
	.long	892                             @ DW_AT_type
	.byte	2                               @ DW_AT_decl_file
	.short	592                             @ DW_AT_decl_line
	.byte	60                              @ DW_AT_data_member_location
	.byte	5                               @ Abbrev [5] 0xf2:0xd DW_TAG_member
	.long	.Linfo_string20                 @ DW_AT_name
	.long	892                             @ DW_AT_type
	.byte	2                               @ DW_AT_decl_file
	.short	593                             @ DW_AT_decl_line
	.byte	64                              @ DW_AT_data_member_location
	.byte	5                               @ Abbrev [5] 0xff:0xd DW_TAG_member
	.long	.Linfo_string21                 @ DW_AT_name
	.long	892                             @ DW_AT_type
	.byte	2                               @ DW_AT_decl_file
	.short	594                             @ DW_AT_decl_line
	.byte	68                              @ DW_AT_data_member_location
	.byte	5                               @ Abbrev [5] 0x10c:0xd DW_TAG_member
	.long	.Linfo_string22                 @ DW_AT_name
	.long	892                             @ DW_AT_type
	.byte	2                               @ DW_AT_decl_file
	.short	595                             @ DW_AT_decl_line
	.byte	72                              @ DW_AT_data_member_location
	.byte	5                               @ Abbrev [5] 0x119:0xd DW_TAG_member
	.long	.Linfo_string23                 @ DW_AT_name
	.long	892                             @ DW_AT_type
	.byte	2                               @ DW_AT_decl_file
	.short	596                             @ DW_AT_decl_line
	.byte	76                              @ DW_AT_data_member_location
	.byte	5                               @ Abbrev [5] 0x126:0xd DW_TAG_member
	.long	.Linfo_string24                 @ DW_AT_name
	.long	892                             @ DW_AT_type
	.byte	2                               @ DW_AT_decl_file
	.short	597                             @ DW_AT_decl_line
	.byte	80                              @ DW_AT_data_member_location
	.byte	5                               @ Abbrev [5] 0x133:0xd DW_TAG_member
	.long	.Linfo_string25                 @ DW_AT_name
	.long	892                             @ DW_AT_type
	.byte	2                               @ DW_AT_decl_file
	.short	598                             @ DW_AT_decl_line
	.byte	84                              @ DW_AT_data_member_location
	.byte	5                               @ Abbrev [5] 0x140:0xd DW_TAG_member
	.long	.Linfo_string26                 @ DW_AT_name
	.long	892                             @ DW_AT_type
	.byte	2                               @ DW_AT_decl_file
	.short	599                             @ DW_AT_decl_line
	.byte	88                              @ DW_AT_data_member_location
	.byte	5                               @ Abbrev [5] 0x14d:0xd DW_TAG_member
	.long	.Linfo_string27                 @ DW_AT_name
	.long	892                             @ DW_AT_type
	.byte	2                               @ DW_AT_decl_file
	.short	600                             @ DW_AT_decl_line
	.byte	92                              @ DW_AT_data_member_location
	.byte	5                               @ Abbrev [5] 0x15a:0xd DW_TAG_member
	.long	.Linfo_string28                 @ DW_AT_name
	.long	892                             @ DW_AT_type
	.byte	2                               @ DW_AT_decl_file
	.short	601                             @ DW_AT_decl_line
	.byte	96                              @ DW_AT_data_member_location
	.byte	5                               @ Abbrev [5] 0x167:0xd DW_TAG_member
	.long	.Linfo_string29                 @ DW_AT_name
	.long	892                             @ DW_AT_type
	.byte	2                               @ DW_AT_decl_file
	.short	602                             @ DW_AT_decl_line
	.byte	100                             @ DW_AT_data_member_location
	.byte	5                               @ Abbrev [5] 0x174:0xd DW_TAG_member
	.long	.Linfo_string30                 @ DW_AT_name
	.long	892                             @ DW_AT_type
	.byte	2                               @ DW_AT_decl_file
	.short	603                             @ DW_AT_decl_line
	.byte	104                             @ DW_AT_data_member_location
	.byte	5                               @ Abbrev [5] 0x181:0xd DW_TAG_member
	.long	.Linfo_string31                 @ DW_AT_name
	.long	892                             @ DW_AT_type
	.byte	2                               @ DW_AT_decl_file
	.short	604                             @ DW_AT_decl_line
	.byte	108                             @ DW_AT_data_member_location
	.byte	5                               @ Abbrev [5] 0x18e:0xd DW_TAG_member
	.long	.Linfo_string32                 @ DW_AT_name
	.long	934                             @ DW_AT_type
	.byte	2                               @ DW_AT_decl_file
	.short	605                             @ DW_AT_decl_line
	.byte	112                             @ DW_AT_data_member_location
	.byte	5                               @ Abbrev [5] 0x19b:0xd DW_TAG_member
	.long	.Linfo_string33                 @ DW_AT_name
	.long	892                             @ DW_AT_type
	.byte	2                               @ DW_AT_decl_file
	.short	606                             @ DW_AT_decl_line
	.byte	120                             @ DW_AT_data_member_location
	.byte	5                               @ Abbrev [5] 0x1a8:0xd DW_TAG_member
	.long	.Linfo_string34                 @ DW_AT_name
	.long	946                             @ DW_AT_type
	.byte	2                               @ DW_AT_decl_file
	.short	607                             @ DW_AT_decl_line
	.byte	124                             @ DW_AT_data_member_location
	.byte	5                               @ Abbrev [5] 0x1b5:0xd DW_TAG_member
	.long	.Linfo_string35                 @ DW_AT_name
	.long	892                             @ DW_AT_type
	.byte	2                               @ DW_AT_decl_file
	.short	608                             @ DW_AT_decl_line
	.byte	192                             @ DW_AT_data_member_location
	.byte	5                               @ Abbrev [5] 0x1c2:0xd DW_TAG_member
	.long	.Linfo_string36                 @ DW_AT_name
	.long	958                             @ DW_AT_type
	.byte	2                               @ DW_AT_decl_file
	.short	609                             @ DW_AT_decl_line
	.byte	196                             @ DW_AT_data_member_location
	.byte	5                               @ Abbrev [5] 0x1cf:0xd DW_TAG_member
	.long	.Linfo_string37                 @ DW_AT_name
	.long	892                             @ DW_AT_type
	.byte	2                               @ DW_AT_decl_file
	.short	610                             @ DW_AT_decl_line
	.byte	208                             @ DW_AT_data_member_location
	.byte	5                               @ Abbrev [5] 0x1dc:0xd DW_TAG_member
	.long	.Linfo_string38                 @ DW_AT_name
	.long	887                             @ DW_AT_type
	.byte	2                               @ DW_AT_decl_file
	.short	611                             @ DW_AT_decl_line
	.byte	212                             @ DW_AT_data_member_location
	.byte	5                               @ Abbrev [5] 0x1e9:0xd DW_TAG_member
	.long	.Linfo_string39                 @ DW_AT_name
	.long	892                             @ DW_AT_type
	.byte	2                               @ DW_AT_decl_file
	.short	612                             @ DW_AT_decl_line
	.byte	216                             @ DW_AT_data_member_location
	.byte	5                               @ Abbrev [5] 0x1f6:0xd DW_TAG_member
	.long	.Linfo_string40                 @ DW_AT_name
	.long	892                             @ DW_AT_type
	.byte	2                               @ DW_AT_decl_file
	.short	613                             @ DW_AT_decl_line
	.byte	220                             @ DW_AT_data_member_location
	.byte	5                               @ Abbrev [5] 0x203:0xd DW_TAG_member
	.long	.Linfo_string41                 @ DW_AT_name
	.long	892                             @ DW_AT_type
	.byte	2                               @ DW_AT_decl_file
	.short	614                             @ DW_AT_decl_line
	.byte	224                             @ DW_AT_data_member_location
	.byte	5                               @ Abbrev [5] 0x210:0xd DW_TAG_member
	.long	.Linfo_string42                 @ DW_AT_name
	.long	887                             @ DW_AT_type
	.byte	2                               @ DW_AT_decl_file
	.short	615                             @ DW_AT_decl_line
	.byte	228                             @ DW_AT_data_member_location
	.byte	5                               @ Abbrev [5] 0x21d:0xd DW_TAG_member
	.long	.Linfo_string43                 @ DW_AT_name
	.long	934                             @ DW_AT_type
	.byte	2                               @ DW_AT_decl_file
	.short	616                             @ DW_AT_decl_line
	.byte	232                             @ DW_AT_data_member_location
	.byte	5                               @ Abbrev [5] 0x22a:0xd DW_TAG_member
	.long	.Linfo_string44                 @ DW_AT_name
	.long	892                             @ DW_AT_type
	.byte	2                               @ DW_AT_decl_file
	.short	617                             @ DW_AT_decl_line
	.byte	240                             @ DW_AT_data_member_location
	.byte	5                               @ Abbrev [5] 0x237:0xd DW_TAG_member
	.long	.Linfo_string45                 @ DW_AT_name
	.long	892                             @ DW_AT_type
	.byte	2                               @ DW_AT_decl_file
	.short	618                             @ DW_AT_decl_line
	.byte	244                             @ DW_AT_data_member_location
	.byte	5                               @ Abbrev [5] 0x244:0xd DW_TAG_member
	.long	.Linfo_string46                 @ DW_AT_name
	.long	892                             @ DW_AT_type
	.byte	2                               @ DW_AT_decl_file
	.short	619                             @ DW_AT_decl_line
	.byte	248                             @ DW_AT_data_member_location
	.byte	5                               @ Abbrev [5] 0x251:0xd DW_TAG_member
	.long	.Linfo_string47                 @ DW_AT_name
	.long	915                             @ DW_AT_type
	.byte	2                               @ DW_AT_decl_file
	.short	620                             @ DW_AT_decl_line
	.byte	252                             @ DW_AT_data_member_location
	.byte	6                               @ Abbrev [6] 0x25e:0xe DW_TAG_member
	.long	.Linfo_string48                 @ DW_AT_name
	.long	892                             @ DW_AT_type
	.byte	2                               @ DW_AT_decl_file
	.short	621                             @ DW_AT_decl_line
	.short	256                             @ DW_AT_data_member_location
	.byte	6                               @ Abbrev [6] 0x26c:0xe DW_TAG_member
	.long	.Linfo_string49                 @ DW_AT_name
	.long	970                             @ DW_AT_type
	.byte	2                               @ DW_AT_decl_file
	.short	622                             @ DW_AT_decl_line
	.short	260                             @ DW_AT_data_member_location
	.byte	6                               @ Abbrev [6] 0x27a:0xe DW_TAG_member
	.long	.Linfo_string50                 @ DW_AT_name
	.long	892                             @ DW_AT_type
	.byte	2                               @ DW_AT_decl_file
	.short	623                             @ DW_AT_decl_line
	.short	280                             @ DW_AT_data_member_location
	.byte	6                               @ Abbrev [6] 0x288:0xe DW_TAG_member
	.long	.Linfo_string51                 @ DW_AT_name
	.long	915                             @ DW_AT_type
	.byte	2                               @ DW_AT_decl_file
	.short	624                             @ DW_AT_decl_line
	.short	284                             @ DW_AT_data_member_location
	.byte	6                               @ Abbrev [6] 0x296:0xe DW_TAG_member
	.long	.Linfo_string52                 @ DW_AT_name
	.long	887                             @ DW_AT_type
	.byte	2                               @ DW_AT_decl_file
	.short	625                             @ DW_AT_decl_line
	.short	288                             @ DW_AT_data_member_location
	.byte	6                               @ Abbrev [6] 0x2a4:0xe DW_TAG_member
	.long	.Linfo_string53                 @ DW_AT_name
	.long	887                             @ DW_AT_type
	.byte	2                               @ DW_AT_decl_file
	.short	626                             @ DW_AT_decl_line
	.short	292                             @ DW_AT_data_member_location
	.byte	6                               @ Abbrev [6] 0x2b2:0xe DW_TAG_member
	.long	.Linfo_string54                 @ DW_AT_name
	.long	982                             @ DW_AT_type
	.byte	2                               @ DW_AT_decl_file
	.short	627                             @ DW_AT_decl_line
	.short	296                             @ DW_AT_data_member_location
	.byte	6                               @ Abbrev [6] 0x2c0:0xe DW_TAG_member
	.long	.Linfo_string55                 @ DW_AT_name
	.long	887                             @ DW_AT_type
	.byte	2                               @ DW_AT_decl_file
	.short	628                             @ DW_AT_decl_line
	.short	312                             @ DW_AT_data_member_location
	.byte	6                               @ Abbrev [6] 0x2ce:0xe DW_TAG_member
	.long	.Linfo_string56                 @ DW_AT_name
	.long	970                             @ DW_AT_type
	.byte	2                               @ DW_AT_decl_file
	.short	629                             @ DW_AT_decl_line
	.short	316                             @ DW_AT_data_member_location
	.byte	6                               @ Abbrev [6] 0x2dc:0xe DW_TAG_member
	.long	.Linfo_string57                 @ DW_AT_name
	.long	887                             @ DW_AT_type
	.byte	2                               @ DW_AT_decl_file
	.short	630                             @ DW_AT_decl_line
	.short	336                             @ DW_AT_data_member_location
	.byte	6                               @ Abbrev [6] 0x2ea:0xe DW_TAG_member
	.long	.Linfo_string58                 @ DW_AT_name
	.long	887                             @ DW_AT_type
	.byte	2                               @ DW_AT_decl_file
	.short	631                             @ DW_AT_decl_line
	.short	340                             @ DW_AT_data_member_location
	.byte	6                               @ Abbrev [6] 0x2f8:0xe DW_TAG_member
	.long	.Linfo_string59                 @ DW_AT_name
	.long	887                             @ DW_AT_type
	.byte	2                               @ DW_AT_decl_file
	.short	632                             @ DW_AT_decl_line
	.short	344                             @ DW_AT_data_member_location
	.byte	6                               @ Abbrev [6] 0x306:0xe DW_TAG_member
	.long	.Linfo_string60                 @ DW_AT_name
	.long	887                             @ DW_AT_type
	.byte	2                               @ DW_AT_decl_file
	.short	633                             @ DW_AT_decl_line
	.short	348                             @ DW_AT_data_member_location
	.byte	6                               @ Abbrev [6] 0x314:0xe DW_TAG_member
	.long	.Linfo_string61                 @ DW_AT_name
	.long	892                             @ DW_AT_type
	.byte	2                               @ DW_AT_decl_file
	.short	634                             @ DW_AT_decl_line
	.short	352                             @ DW_AT_data_member_location
	.byte	6                               @ Abbrev [6] 0x322:0xe DW_TAG_member
	.long	.Linfo_string62                 @ DW_AT_name
	.long	994                             @ DW_AT_type
	.byte	2                               @ DW_AT_decl_file
	.short	635                             @ DW_AT_decl_line
	.short	356                             @ DW_AT_data_member_location
	.byte	6                               @ Abbrev [6] 0x330:0xe DW_TAG_member
	.long	.Linfo_string63                 @ DW_AT_name
	.long	892                             @ DW_AT_type
	.byte	2                               @ DW_AT_decl_file
	.short	636                             @ DW_AT_decl_line
	.short	392                             @ DW_AT_data_member_location
	.byte	6                               @ Abbrev [6] 0x33e:0xe DW_TAG_member
	.long	.Linfo_string64                 @ DW_AT_name
	.long	892                             @ DW_AT_type
	.byte	2                               @ DW_AT_decl_file
	.short	637                             @ DW_AT_decl_line
	.short	396                             @ DW_AT_data_member_location
	.byte	6                               @ Abbrev [6] 0x34c:0xe DW_TAG_member
	.long	.Linfo_string65                 @ DW_AT_name
	.long	892                             @ DW_AT_type
	.byte	2                               @ DW_AT_decl_file
	.short	638                             @ DW_AT_decl_line
	.short	400                             @ DW_AT_data_member_location
	.byte	6                               @ Abbrev [6] 0x35a:0xe DW_TAG_member
	.long	.Linfo_string66                 @ DW_AT_name
	.long	1006                            @ DW_AT_type
	.byte	2                               @ DW_AT_decl_file
	.short	639                             @ DW_AT_decl_line
	.short	404                             @ DW_AT_data_member_location
	.byte	6                               @ Abbrev [6] 0x368:0xe DW_TAG_member
	.long	.Linfo_string67                 @ DW_AT_name
	.long	892                             @ DW_AT_type
	.byte	2                               @ DW_AT_decl_file
	.short	640                             @ DW_AT_decl_line
	.short	492                             @ DW_AT_data_member_location
	.byte	0                               @ End Of Children Mark
	.byte	7                               @ Abbrev [7] 0x377:0x5 DW_TAG_const_type
	.long	892                             @ DW_AT_type
	.byte	8                               @ Abbrev [8] 0x37c:0x5 DW_TAG_volatile_type
	.long	897                             @ DW_AT_type
	.byte	9                               @ Abbrev [9] 0x381:0xb DW_TAG_typedef
	.long	908                             @ DW_AT_type
	.long	.Linfo_string5                  @ DW_AT_name
	.byte	1                               @ DW_AT_decl_file
	.byte	64                              @ DW_AT_decl_line
	.byte	10                              @ Abbrev [10] 0x38c:0x7 DW_TAG_base_type
	.long	.Linfo_string4                  @ DW_AT_name
	.byte	7                               @ DW_AT_encoding
	.byte	4                               @ DW_AT_byte_size
	.byte	11                              @ Abbrev [11] 0x393:0xc DW_TAG_array_type
	.long	887                             @ DW_AT_type
	.byte	12                              @ Abbrev [12] 0x398:0x6 DW_TAG_subrange_type
	.long	927                             @ DW_AT_type
	.byte	1                               @ DW_AT_count
	.byte	0                               @ End Of Children Mark
	.byte	13                              @ Abbrev [13] 0x39f:0x7 DW_TAG_base_type
	.long	.Linfo_string11                 @ DW_AT_name
	.byte	8                               @ DW_AT_byte_size
	.byte	7                               @ DW_AT_encoding
	.byte	11                              @ Abbrev [11] 0x3a6:0xc DW_TAG_array_type
	.long	887                             @ DW_AT_type
	.byte	12                              @ Abbrev [12] 0x3ab:0x6 DW_TAG_subrange_type
	.long	927                             @ DW_AT_type
	.byte	2                               @ DW_AT_count
	.byte	0                               @ End Of Children Mark
	.byte	11                              @ Abbrev [11] 0x3b2:0xc DW_TAG_array_type
	.long	887                             @ DW_AT_type
	.byte	12                              @ Abbrev [12] 0x3b7:0x6 DW_TAG_subrange_type
	.long	927                             @ DW_AT_type
	.byte	17                              @ DW_AT_count
	.byte	0                               @ End Of Children Mark
	.byte	11                              @ Abbrev [11] 0x3be:0xc DW_TAG_array_type
	.long	887                             @ DW_AT_type
	.byte	12                              @ Abbrev [12] 0x3c3:0x6 DW_TAG_subrange_type
	.long	927                             @ DW_AT_type
	.byte	3                               @ DW_AT_count
	.byte	0                               @ End Of Children Mark
	.byte	11                              @ Abbrev [11] 0x3ca:0xc DW_TAG_array_type
	.long	887                             @ DW_AT_type
	.byte	12                              @ Abbrev [12] 0x3cf:0x6 DW_TAG_subrange_type
	.long	927                             @ DW_AT_type
	.byte	5                               @ DW_AT_count
	.byte	0                               @ End Of Children Mark
	.byte	11                              @ Abbrev [11] 0x3d6:0xc DW_TAG_array_type
	.long	887                             @ DW_AT_type
	.byte	12                              @ Abbrev [12] 0x3db:0x6 DW_TAG_subrange_type
	.long	927                             @ DW_AT_type
	.byte	4                               @ DW_AT_count
	.byte	0                               @ End Of Children Mark
	.byte	11                              @ Abbrev [11] 0x3e2:0xc DW_TAG_array_type
	.long	887                             @ DW_AT_type
	.byte	12                              @ Abbrev [12] 0x3e7:0x6 DW_TAG_subrange_type
	.long	927                             @ DW_AT_type
	.byte	9                               @ DW_AT_count
	.byte	0                               @ End Of Children Mark
	.byte	11                              @ Abbrev [11] 0x3ee:0xc DW_TAG_array_type
	.long	887                             @ DW_AT_type
	.byte	12                              @ Abbrev [12] 0x3f3:0x6 DW_TAG_subrange_type
	.long	927                             @ DW_AT_type
	.byte	22                              @ DW_AT_count
	.byte	0                               @ End Of Children Mark
	.byte	14                              @ Abbrev [14] 0x3fa:0xf DW_TAG_subprogram
	.long	.Lfunc_begin0                   @ DW_AT_low_pc
	.long	.Lfunc_end0-.Lfunc_begin0       @ DW_AT_high_pc
	.byte	1                               @ DW_AT_frame_base
	.byte	93
                                        @ DW_AT_GNU_all_call_sites
	.long	1138                            @ DW_AT_abstract_origin
	.byte	14                              @ Abbrev [14] 0x409:0xf DW_TAG_subprogram
	.long	.Lfunc_begin1                   @ DW_AT_low_pc
	.long	.Lfunc_end1-.Lfunc_begin1       @ DW_AT_high_pc
	.byte	1                               @ DW_AT_frame_base
	.byte	93
                                        @ DW_AT_GNU_all_call_sites
	.long	1252                            @ DW_AT_abstract_origin
	.byte	14                              @ Abbrev [14] 0x418:0xf DW_TAG_subprogram
	.long	.Lfunc_begin2                   @ DW_AT_low_pc
	.long	.Lfunc_end2-.Lfunc_begin2       @ DW_AT_high_pc
	.byte	1                               @ DW_AT_frame_base
	.byte	93
                                        @ DW_AT_GNU_all_call_sites
	.long	1146                            @ DW_AT_abstract_origin
	.byte	14                              @ Abbrev [14] 0x427:0xf DW_TAG_subprogram
	.long	.Lfunc_begin3                   @ DW_AT_low_pc
	.long	.Lfunc_end3-.Lfunc_begin3       @ DW_AT_high_pc
	.byte	1                               @ DW_AT_frame_base
	.byte	93
                                        @ DW_AT_GNU_all_call_sites
	.long	1260                            @ DW_AT_abstract_origin
	.byte	14                              @ Abbrev [14] 0x436:0xf DW_TAG_subprogram
	.long	.Lfunc_begin4                   @ DW_AT_low_pc
	.long	.Lfunc_end4-.Lfunc_begin4       @ DW_AT_high_pc
	.byte	1                               @ DW_AT_frame_base
	.byte	93
                                        @ DW_AT_GNU_all_call_sites
	.long	1154                            @ DW_AT_abstract_origin
	.byte	14                              @ Abbrev [14] 0x445:0xf DW_TAG_subprogram
	.long	.Lfunc_begin5                   @ DW_AT_low_pc
	.long	.Lfunc_end5-.Lfunc_begin5       @ DW_AT_high_pc
	.byte	1                               @ DW_AT_frame_base
	.byte	93
                                        @ DW_AT_GNU_all_call_sites
	.long	1268                            @ DW_AT_abstract_origin
	.byte	14                              @ Abbrev [14] 0x454:0xf DW_TAG_subprogram
	.long	.Lfunc_begin6                   @ DW_AT_low_pc
	.long	.Lfunc_end6-.Lfunc_begin6       @ DW_AT_high_pc
	.byte	1                               @ DW_AT_frame_base
	.byte	93
                                        @ DW_AT_GNU_all_call_sites
	.long	1162                            @ DW_AT_abstract_origin
	.byte	14                              @ Abbrev [14] 0x463:0xf DW_TAG_subprogram
	.long	.Lfunc_begin7                   @ DW_AT_low_pc
	.long	.Lfunc_end7-.Lfunc_begin7       @ DW_AT_high_pc
	.byte	1                               @ DW_AT_frame_base
	.byte	93
                                        @ DW_AT_GNU_all_call_sites
	.long	1276                            @ DW_AT_abstract_origin
	.byte	15                              @ Abbrev [15] 0x472:0x8 DW_TAG_subprogram
	.long	.Linfo_string69                 @ DW_AT_name
	.byte	3                               @ DW_AT_decl_file
	.byte	18                              @ DW_AT_decl_line
                                        @ DW_AT_prototyped
                                        @ DW_AT_external
	.byte	1                               @ DW_AT_inline
	.byte	15                              @ Abbrev [15] 0x47a:0x8 DW_TAG_subprogram
	.long	.Linfo_string70                 @ DW_AT_name
	.byte	3                               @ DW_AT_decl_file
	.byte	33                              @ DW_AT_decl_line
                                        @ DW_AT_prototyped
                                        @ DW_AT_external
	.byte	1                               @ DW_AT_inline
	.byte	15                              @ Abbrev [15] 0x482:0x8 DW_TAG_subprogram
	.long	.Linfo_string71                 @ DW_AT_name
	.byte	3                               @ DW_AT_decl_file
	.byte	48                              @ DW_AT_decl_line
                                        @ DW_AT_prototyped
                                        @ DW_AT_external
	.byte	1                               @ DW_AT_inline
	.byte	15                              @ Abbrev [15] 0x48a:0x8 DW_TAG_subprogram
	.long	.Linfo_string72                 @ DW_AT_name
	.byte	3                               @ DW_AT_decl_file
	.byte	63                              @ DW_AT_decl_line
                                        @ DW_AT_prototyped
                                        @ DW_AT_external
	.byte	1                               @ DW_AT_inline
	.byte	16                              @ Abbrev [16] 0x492:0x52 DW_TAG_subprogram
	.long	.Lfunc_begin8                   @ DW_AT_low_pc
	.long	.Lfunc_end8-.Lfunc_begin8       @ DW_AT_high_pc
	.byte	1                               @ DW_AT_frame_base
	.byte	93
                                        @ DW_AT_GNU_all_call_sites
	.long	.Linfo_string77                 @ DW_AT_name
	.byte	3                               @ DW_AT_decl_file
	.byte	78                              @ DW_AT_decl_line
                                        @ DW_AT_prototyped
                                        @ DW_AT_external
	.byte	17                              @ Abbrev [17] 0x4a3:0x10 DW_TAG_inlined_subroutine
	.long	1138                            @ DW_AT_abstract_origin
	.long	.Ltmp24                         @ DW_AT_low_pc
	.long	.Ltmp25-.Ltmp24                 @ DW_AT_high_pc
	.byte	3                               @ DW_AT_call_file
	.byte	91                              @ DW_AT_call_line
	.byte	5                               @ DW_AT_call_column
	.byte	17                              @ Abbrev [17] 0x4b3:0x10 DW_TAG_inlined_subroutine
	.long	1146                            @ DW_AT_abstract_origin
	.long	.Ltmp25                         @ DW_AT_low_pc
	.long	.Ltmp26-.Ltmp25                 @ DW_AT_high_pc
	.byte	3                               @ DW_AT_call_file
	.byte	92                              @ DW_AT_call_line
	.byte	5                               @ DW_AT_call_column
	.byte	17                              @ Abbrev [17] 0x4c3:0x10 DW_TAG_inlined_subroutine
	.long	1154                            @ DW_AT_abstract_origin
	.long	.Ltmp26                         @ DW_AT_low_pc
	.long	.Ltmp27-.Ltmp26                 @ DW_AT_high_pc
	.byte	3                               @ DW_AT_call_file
	.byte	93                              @ DW_AT_call_line
	.byte	5                               @ DW_AT_call_column
	.byte	17                              @ Abbrev [17] 0x4d3:0x10 DW_TAG_inlined_subroutine
	.long	1162                            @ DW_AT_abstract_origin
	.long	.Ltmp27                         @ DW_AT_low_pc
	.long	.Ltmp28-.Ltmp27                 @ DW_AT_high_pc
	.byte	3                               @ DW_AT_call_file
	.byte	94                              @ DW_AT_call_line
	.byte	5                               @ DW_AT_call_column
	.byte	0                               @ End Of Children Mark
	.byte	15                              @ Abbrev [15] 0x4e4:0x8 DW_TAG_subprogram
	.long	.Linfo_string73                 @ DW_AT_name
	.byte	3                               @ DW_AT_decl_file
	.byte	26                              @ DW_AT_decl_line
                                        @ DW_AT_prototyped
                                        @ DW_AT_external
	.byte	1                               @ DW_AT_inline
	.byte	15                              @ Abbrev [15] 0x4ec:0x8 DW_TAG_subprogram
	.long	.Linfo_string74                 @ DW_AT_name
	.byte	3                               @ DW_AT_decl_file
	.byte	41                              @ DW_AT_decl_line
                                        @ DW_AT_prototyped
                                        @ DW_AT_external
	.byte	1                               @ DW_AT_inline
	.byte	15                              @ Abbrev [15] 0x4f4:0x8 DW_TAG_subprogram
	.long	.Linfo_string75                 @ DW_AT_name
	.byte	3                               @ DW_AT_decl_file
	.byte	56                              @ DW_AT_decl_line
                                        @ DW_AT_prototyped
                                        @ DW_AT_external
	.byte	1                               @ DW_AT_inline
	.byte	15                              @ Abbrev [15] 0x4fc:0x8 DW_TAG_subprogram
	.long	.Linfo_string76                 @ DW_AT_name
	.byte	3                               @ DW_AT_decl_file
	.byte	71                              @ DW_AT_decl_line
                                        @ DW_AT_prototyped
                                        @ DW_AT_external
	.byte	1                               @ DW_AT_inline
	.byte	16                              @ Abbrev [16] 0x504:0x52 DW_TAG_subprogram
	.long	.Lfunc_begin9                   @ DW_AT_low_pc
	.long	.Lfunc_end9-.Lfunc_begin9       @ DW_AT_high_pc
	.byte	1                               @ DW_AT_frame_base
	.byte	93
                                        @ DW_AT_GNU_all_call_sites
	.long	.Linfo_string78                 @ DW_AT_name
	.byte	3                               @ DW_AT_decl_file
	.byte	99                              @ DW_AT_decl_line
                                        @ DW_AT_prototyped
                                        @ DW_AT_external
	.byte	17                              @ Abbrev [17] 0x515:0x10 DW_TAG_inlined_subroutine
	.long	1252                            @ DW_AT_abstract_origin
	.long	.Ltmp31                         @ DW_AT_low_pc
	.long	.Ltmp32-.Ltmp31                 @ DW_AT_high_pc
	.byte	3                               @ DW_AT_call_file
	.byte	101                             @ DW_AT_call_line
	.byte	5                               @ DW_AT_call_column
	.byte	17                              @ Abbrev [17] 0x525:0x10 DW_TAG_inlined_subroutine
	.long	1260                            @ DW_AT_abstract_origin
	.long	.Ltmp32                         @ DW_AT_low_pc
	.long	.Ltmp33-.Ltmp32                 @ DW_AT_high_pc
	.byte	3                               @ DW_AT_call_file
	.byte	102                             @ DW_AT_call_line
	.byte	5                               @ DW_AT_call_column
	.byte	17                              @ Abbrev [17] 0x535:0x10 DW_TAG_inlined_subroutine
	.long	1268                            @ DW_AT_abstract_origin
	.long	.Ltmp33                         @ DW_AT_low_pc
	.long	.Ltmp34-.Ltmp33                 @ DW_AT_high_pc
	.byte	3                               @ DW_AT_call_file
	.byte	103                             @ DW_AT_call_line
	.byte	5                               @ DW_AT_call_column
	.byte	17                              @ Abbrev [17] 0x545:0x10 DW_TAG_inlined_subroutine
	.long	1276                            @ DW_AT_abstract_origin
	.long	.Ltmp34                         @ DW_AT_low_pc
	.long	.Ltmp35-.Ltmp34                 @ DW_AT_high_pc
	.byte	3                               @ DW_AT_call_file
	.byte	104                             @ DW_AT_call_line
	.byte	5                               @ DW_AT_call_column
	.byte	0                               @ End Of Children Mark
	.byte	0                               @ End Of Children Mark
.Ldebug_info_end0:
	.section	.debug_ranges,"",%progbits
.Ldebug_ranges0:
	.long	.Lfunc_begin0
	.long	.Lfunc_end0
	.long	.Lfunc_begin1
	.long	.Lfunc_end1
	.long	.Lfunc_begin2
	.long	.Lfunc_end2
	.long	.Lfunc_begin3
	.long	.Lfunc_end3
	.long	.Lfunc_begin4
	.long	.Lfunc_end4
	.long	.Lfunc_begin5
	.long	.Lfunc_end5
	.long	.Lfunc_begin6
	.long	.Lfunc_end6
	.long	.Lfunc_begin7
	.long	.Lfunc_end7
	.long	.Lfunc_begin8
	.long	.Lfunc_end8
	.long	.Lfunc_begin9
	.long	.Lfunc_end9
	.long	0
	.long	0
	.section	.debug_str,"MS",%progbits,1
.Linfo_string0:
	.asciz	"Component: Arm Compiler for Embedded 6.24 Tool: armclang [5f371800]" @ string offset=0
.Linfo_string1:
	.asciz	"..\\gpio_config.c"             @ string offset=68
.Linfo_string2:
	.asciz	"C:\\Users\\Nitro\\Desktop\\Netelsan\\keil_nuvoton_all_files\\MyGPIOProject\\Keil" @ string offset=85
.Linfo_string3:
	.asciz	"PDID"                          @ string offset=159
.Linfo_string4:
	.asciz	"unsigned int"                  @ string offset=164
.Linfo_string5:
	.asciz	"uint32_t"                      @ string offset=177
.Linfo_string6:
	.asciz	"RSTSTS"                        @ string offset=186
.Linfo_string7:
	.asciz	"IPRST0"                        @ string offset=193
.Linfo_string8:
	.asciz	"IPRST1"                        @ string offset=200
.Linfo_string9:
	.asciz	"IPRST2"                        @ string offset=207
.Linfo_string10:
	.asciz	"RESERVE0"                      @ string offset=214
.Linfo_string11:
	.asciz	"__ARRAY_SIZE_TYPE__"           @ string offset=223
.Linfo_string12:
	.asciz	"BODCTL"                        @ string offset=243
.Linfo_string13:
	.asciz	"RESERVE1"                      @ string offset=250
.Linfo_string14:
	.asciz	"PORCTL"                        @ string offset=259
.Linfo_string15:
	.asciz	"RESERVE2"                      @ string offset=266
.Linfo_string16:
	.asciz	"GPA_MFPL"                      @ string offset=275
.Linfo_string17:
	.asciz	"GPA_MFPH"                      @ string offset=284
.Linfo_string18:
	.asciz	"GPB_MFPL"                      @ string offset=293
.Linfo_string19:
	.asciz	"GPB_MFPH"                      @ string offset=302
.Linfo_string20:
	.asciz	"GPC_MFPL"                      @ string offset=311
.Linfo_string21:
	.asciz	"GPC_MFPH"                      @ string offset=320
.Linfo_string22:
	.asciz	"GPD_MFPL"                      @ string offset=329
.Linfo_string23:
	.asciz	"GPD_MFPH"                      @ string offset=338
.Linfo_string24:
	.asciz	"GPE_MFPL"                      @ string offset=347
.Linfo_string25:
	.asciz	"GPE_MFPH"                      @ string offset=356
.Linfo_string26:
	.asciz	"GPF_MFPL"                      @ string offset=365
.Linfo_string27:
	.asciz	"GPF_MFPH"                      @ string offset=374
.Linfo_string28:
	.asciz	"GPG_MFPL"                      @ string offset=383
.Linfo_string29:
	.asciz	"GPG_MFPH"                      @ string offset=392
.Linfo_string30:
	.asciz	"GPH_MFPL"                      @ string offset=401
.Linfo_string31:
	.asciz	"GPH_MFPH"                      @ string offset=410
.Linfo_string32:
	.asciz	"RESERVE3"                      @ string offset=419
.Linfo_string33:
	.asciz	"LPLDOCTL"                      @ string offset=428
.Linfo_string34:
	.asciz	"RESERVE4"                      @ string offset=437
.Linfo_string35:
	.asciz	"MODCTL"                        @ string offset=446
.Linfo_string36:
	.asciz	"RESERVE5"                      @ string offset=453
.Linfo_string37:
	.asciz	"SRAM_BISTCTL"                  @ string offset=462
.Linfo_string38:
	.asciz	"SRAM_BISTSTS"                  @ string offset=475
.Linfo_string39:
	.asciz	"SRAM_PARITY"                   @ string offset=488
.Linfo_string40:
	.asciz	"SRAM_INTCTL"                   @ string offset=500
.Linfo_string41:
	.asciz	"SRAM_STATUS"                   @ string offset=512
.Linfo_string42:
	.asciz	"SRAM_ERRADDR"                  @ string offset=524
.Linfo_string43:
	.asciz	"RESERVE6"                      @ string offset=537
.Linfo_string44:
	.asciz	"HIRCTRIMCTL"                   @ string offset=546
.Linfo_string45:
	.asciz	"HIRCTRIMIEN"                   @ string offset=558
.Linfo_string46:
	.asciz	"HIRCTRIMSTS"                   @ string offset=570
.Linfo_string47:
	.asciz	"RESERVE7"                      @ string offset=582
.Linfo_string48:
	.asciz	"REGLCTL"                       @ string offset=591
.Linfo_string49:
	.asciz	"RESERVE8"                      @ string offset=599
.Linfo_string50:
	.asciz	"HIRCADJ"                       @ string offset=608
.Linfo_string51:
	.asciz	"RESERVE9"                      @ string offset=616
.Linfo_string52:
	.asciz	"LDOTRIM"                       @ string offset=625
.Linfo_string53:
	.asciz	"LVR16TRIM"                     @ string offset=633
.Linfo_string54:
	.asciz	"RESERVE10"                     @ string offset=643
.Linfo_string55:
	.asciz	"LIRCT"                         @ string offset=653
.Linfo_string56:
	.asciz	"RESERVE11"                     @ string offset=659
.Linfo_string57:
	.asciz	"LVR17TRIM"                     @ string offset=669
.Linfo_string58:
	.asciz	"LVR20TRIM"                     @ string offset=679
.Linfo_string59:
	.asciz	"LVR25TRIM"                     @ string offset=689
.Linfo_string60:
	.asciz	"uLDOVITRIM"                    @ string offset=699
.Linfo_string61:
	.asciz	"LVRITRIMSEL"                   @ string offset=710
.Linfo_string62:
	.asciz	"RESERVE12"                     @ string offset=722
.Linfo_string63:
	.asciz	"HIRCTCTL"                      @ string offset=732
.Linfo_string64:
	.asciz	"ADCCHIP"                       @ string offset=741
.Linfo_string65:
	.asciz	"HXTTCTL"                       @ string offset=749
.Linfo_string66:
	.asciz	"RESERVE13"                     @ string offset=757
.Linfo_string67:
	.asciz	"PORDISAN"                      @ string offset=767
.Linfo_string68:
	.asciz	"SYS_T"                         @ string offset=776
.Linfo_string69:
	.asciz	"gpio_config_init_ice"          @ string offset=782
.Linfo_string70:
	.asciz	"gpio_config_init_pb"           @ string offset=803
.Linfo_string71:
	.asciz	"gpio_config_init_pc"           @ string offset=823
.Linfo_string72:
	.asciz	"gpio_config_init_uart0"        @ string offset=843
.Linfo_string73:
	.asciz	"gpio_config_deinit_ice"        @ string offset=866
.Linfo_string74:
	.asciz	"gpio_config_deinit_pb"         @ string offset=889
.Linfo_string75:
	.asciz	"gpio_config_deinit_pc"         @ string offset=911
.Linfo_string76:
	.asciz	"gpio_config_deinit_uart0"      @ string offset=933
.Linfo_string77:
	.asciz	"gpio_config_init"              @ string offset=958
.Linfo_string78:
	.asciz	"gpio_config_deinit"            @ string offset=975
	.ident	"Component: Arm Compiler for Embedded 6.24 Tool: armclang [5f371800]"
	.section	".note.GNU-stack","",%progbits
	.eabi_attribute	30, 1	@ Tag_ABI_optimization_goals
	.ARM_attribute	16, 1	@ Tag_AV_eba
	.section	.debug_line,"",%progbits
.Lline_table_start0:
