	.text
	.syntax unified
	.eabi_attribute	67, "2.09"	@ Tag_conformance
	.cpu	cortex-m0
	.eabi_attribute	6, 12	@ Tag_CPU_arch
	.eabi_attribute	7, 77	@ Tag_CPU_arch_profile
	.eabi_attribute	8, 0	@ Tag_ARM_ISA_use
	.eabi_attribute	9, 1	@ Tag_THUMB_ISA_use
	.eabi_attribute	34, 0	@ Tag_CPU_unaligned_access
	.eabi_attribute	17, 1	@ Tag_ABI_PCS_GOT_use
	.eabi_attribute	20, 2	@ Tag_ABI_FP_denormal
	.eabi_attribute	21, 0	@ Tag_ABI_FP_exceptions
	.eabi_attribute	23, 1	@ Tag_ABI_FP_number_model
	.eabi_attribute	24, 1	@ Tag_ABI_align_needed
	.eabi_attribute	25, 1	@ Tag_ABI_align_preserved
	.eabi_attribute	38, 1	@ Tag_ABI_FP_16bit_format
	.eabi_attribute	18, 2	@ Tag_ABI_PCS_wchar_t
	.eabi_attribute	26, 1	@ Tag_ABI_enum_size
	.eabi_attribute	14, 0	@ Tag_ABI_PCS_R9_use
	.file	"main.c"
	.file	1 "C:\\Users\\Nitro\\Desktop\\Netelsan\\keil_nuvoton_all_files\\GPIO_Example_1\\Keil" "../main.c"
	.file	2 "C:\\Users\\Nitro" "AppData\\Local\\Keil_v5\\ARM\\ARMCLANG\\bin\\..\\include\\stdint.h"
	.file	3 "C:\\Users\\Nitro\\Desktop\\Netelsan\\keil_nuvoton_all_files\\GPIO_Example_1\\Keil" "../../M031BSP/Library/Device/Nuvoton/M031/Include\\sys_reg.h"
	.file	4 "C:\\Users\\Nitro\\Desktop\\Netelsan\\keil_nuvoton_all_files\\GPIO_Example_1\\Keil" "../../M031BSP/Library/Device/Nuvoton/M031/Include\\uart_reg.h"
	.section	.text.SYS_Init,"ax",%progbits
	.hidden	SYS_Init                        @ -- Begin function SYS_Init
	.globl	SYS_Init
	.p2align	2
	.type	SYS_Init,%function
	.code	16                              @ @SYS_Init
	.thumb_func
SYS_Init:
.Lfunc_begin0:
	.loc	1 15 0                          @ ../main.c:15:0
	.fnstart
	.cfi_sections .debug_frame
	.cfi_startproc
@ %bb.0:
	.save	{r4, r5, r6, lr}
	push	{r4, r5, r6, lr}
	.cfi_def_cfa_offset 16
	.cfi_offset lr, -4
	.cfi_offset r6, -8
	.cfi_offset r5, -12
	.cfi_offset r4, -16
	ldr	r6, __arm_cp.0_0
.LBB0_1:                                @ =>This Inner Loop Header: Depth=1
	movs	r0, #89
.Ltmp0:
	.file	5 "C:\\Users\\Nitro\\Desktop\\Netelsan\\keil_nuvoton_all_files\\GPIO_Example_1\\Keil" "../../M031BSP/Library/StdDriver/inc\\sys.h"
	.loc	5 1346 22 prologue_end          @ ../../M031BSP/Library/StdDriver/inc\sys.h:1346:22
	str	r0, [r6]
	movs	r1, #22
	.loc	5 1347 22                       @ ../../M031BSP/Library/StdDriver/inc\sys.h:1347:22
	str	r1, [r6]
	movs	r2, #136
	.loc	5 1348 22                       @ ../../M031BSP/Library/StdDriver/inc\sys.h:1348:22
	str	r2, [r6]
.Ltmp1:
	.loc	5 1349 19                       @ ../../M031BSP/Library/StdDriver/inc\sys.h:1349:19
	ldr	r3, [r6]
.Ltmp2:
	.loc	5 1349 5 is_stmt 0              @ ../../M031BSP/Library/StdDriver/inc\sys.h:1349:5
	cmp	r3, #0
	bne	.LBB0_5
@ %bb.2:                                @   in Loop: Header=BB0_1 Depth=1
	.loc	5 1346 22 is_stmt 1             @ ../../M031BSP/Library/StdDriver/inc\sys.h:1346:22
	str	r0, [r6]
	.loc	5 1347 22                       @ ../../M031BSP/Library/StdDriver/inc\sys.h:1347:22
	str	r1, [r6]
	.loc	5 1348 22                       @ ../../M031BSP/Library/StdDriver/inc\sys.h:1348:22
	str	r2, [r6]
.Ltmp3:
	.loc	5 1349 19                       @ ../../M031BSP/Library/StdDriver/inc\sys.h:1349:19
	ldr	r3, [r6]
.Ltmp4:
	.loc	5 1349 5 is_stmt 0              @ ../../M031BSP/Library/StdDriver/inc\sys.h:1349:5
	cmp	r3, #0
	bne	.LBB0_5
@ %bb.3:                                @   in Loop: Header=BB0_1 Depth=1
	.loc	5 1346 22 is_stmt 1             @ ../../M031BSP/Library/StdDriver/inc\sys.h:1346:22
	str	r0, [r6]
	.loc	5 1347 22                       @ ../../M031BSP/Library/StdDriver/inc\sys.h:1347:22
	str	r1, [r6]
	.loc	5 1348 22                       @ ../../M031BSP/Library/StdDriver/inc\sys.h:1348:22
	str	r2, [r6]
.Ltmp5:
	.loc	5 1349 19                       @ ../../M031BSP/Library/StdDriver/inc\sys.h:1349:19
	ldr	r3, [r6]
.Ltmp6:
	.loc	5 1349 5 is_stmt 0              @ ../../M031BSP/Library/StdDriver/inc\sys.h:1349:5
	cmp	r3, #0
	bne	.LBB0_5
@ %bb.4:                                @   in Loop: Header=BB0_1 Depth=1
	.loc	5 1346 22 is_stmt 1             @ ../../M031BSP/Library/StdDriver/inc\sys.h:1346:22
	str	r0, [r6]
	.loc	5 1347 22                       @ ../../M031BSP/Library/StdDriver/inc\sys.h:1347:22
	str	r1, [r6]
	.loc	5 1348 22                       @ ../../M031BSP/Library/StdDriver/inc\sys.h:1348:22
	str	r2, [r6]
.Ltmp7:
	.loc	5 1349 19                       @ ../../M031BSP/Library/StdDriver/inc\sys.h:1349:19
	ldr	r0, [r6]
.Ltmp8:
	.loc	5 1349 5 is_stmt 0              @ ../../M031BSP/Library/StdDriver/inc\sys.h:1349:5
	cmp	r0, #0
	beq	.LBB0_1
.Ltmp9:
.LBB0_5:
	.loc	5 0 5                           @ ../../M031BSP/Library/StdDriver/inc\sys.h:0:5
	movs	r0, #4
	.loc	1 20 5 is_stmt 1                @ ../main.c:20:5
	bl	CLK_EnableXtalRC
.Ltmp10:
	.loc	1 0 5 is_stmt 0                 @ ../main.c:0:5
	movs	r0, #16
	.loc	1 23 5 is_stmt 1                @ ../main.c:23:5
	bl	CLK_WaitClockReady
.Ltmp11:
	.loc	1 0 5 is_stmt 0                 @ ../main.c:0:5
	movs	r0, #7
	movs	r4, #0
	.loc	1 26 5 is_stmt 1                @ ../main.c:26:5
	mov	r1, r4
	bl	CLK_SetHCLK
.Ltmp12:
	.loc	1 0 5 is_stmt 0                 @ ../main.c:0:5
	ldr	r5, __arm_cp.0_1
	.loc	1 29 5 is_stmt 1                @ ../main.c:29:5
	mov	r0, r5
	bl	CLK_EnableModuleClock
.Ltmp13:
	.loc	1 0 5 is_stmt 0                 @ ../main.c:0:5
	movs	r0, #3
	lsls	r1, r0, #24
	.loc	1 32 5 is_stmt 1                @ ../main.c:32:5
	mov	r0, r5
	mov	r2, r4
	bl	CLK_SetModuleClock
.Ltmp14:
	.loc	1 35 5                          @ ../main.c:35:5
	bl	SystemCoreClockUpdate
.Ltmp15:
	.loc	1 0 5 is_stmt 0                 @ ../main.c:0:5
	movs	r0, #255
	lsls	r0, r0, #16
	ldr	r1, __arm_cp.0_2
	.loc	1 38 27 is_stmt 1               @ ../main.c:38:27
	ldr	r2, [r1]
	.loc	1 38 36 is_stmt 0               @ ../main.c:38:36
	bics	r2, r0
	movs	r0, #51
	lsls	r0, r0, #17
	.loc	1 38 97                         @ ../main.c:38:97
	adds	r0, r2, r0
	.loc	1 38 19                         @ ../main.c:38:19
	str	r0, [r1]
.Ltmp16:
	.loc	5 1362 18 is_stmt 1             @ ../../M031BSP/Library/StdDriver/inc\sys.h:1362:18
	str	r4, [r6]
.Ltmp17:
	.loc	1 43 1 epilogue_begin           @ ../main.c:43:1
	pop	{r4, r5, r6, pc}
.Ltmp18:
	.loc	1 0 1 is_stmt 0                 @ :0:1
.Ltmp19:
	.p2align	2
@ %bb.6:
__arm_cp.0_0:
	.long	1073742080                      @ 0x40000100
.Lcpi_end0:
	.size	__arm_cp.0_0, .Lcpi_end0-__arm_cp.0_0
__arm_cp.0_1:
	.long	1602239760                      @ 0x5f803d10
.Lcpi_end1:
	.size	__arm_cp.0_1, .Lcpi_end1-__arm_cp.0_1
__arm_cp.0_2:
	.long	1073741884                      @ 0x4000003c
.Lcpi_end2:
	.size	__arm_cp.0_2, .Lcpi_end2-__arm_cp.0_2
.Lfunc_end0:
	.size	SYS_Init, .Lfunc_end0-SYS_Init
	.cfi_endproc
	.cantunwind
	.fnend
                                        @ -- End function
	.section	.text.main,"ax",%progbits
	.hidden	main                            @ -- Begin function main
	.globl	main
	.p2align	2
	.type	main,%function
	.code	16                              @ @main
	.thumb_func
main:
.Lfunc_begin1:
	.fnstart
	.cfi_startproc
@ %bb.0:
	.loc	1 55 5 prologue_end is_stmt 1   @ ../main.c:55:5
	bl	SYS_Init
.Ltmp20:
	.loc	1 0 5 is_stmt 0                 @ ../main.c:0:5
	movs	r0, #225
	lsls	r1, r0, #9
	ldr	r0, __arm_cp.1_0
	.loc	1 58 5 is_stmt 1                @ ../main.c:58:5
	bl	UART_Open
.Ltmp21:
	.loc	1 61 5                          @ ../main.c:61:5
	adr	r0, .LCPI1_1
	bl	puts
.Ltmp22:
.LBB1_1:                                @ =>This Inner Loop Header: Depth=1
	.loc	1 64 5                          @ ../main.c:64:5
	b	.LBB1_1
.Ltmp23:
	.loc	1 0 5 is_stmt 0                 @ :0:5
.Ltmp24:
	.p2align	2
@ %bb.2:
__arm_cp.1_0:
	.long	1074200576                      @ 0x40070000
.Lcpi_end3:
	.size	__arm_cp.1_0, .Lcpi_end3-__arm_cp.1_0
.LCPI1_1:
.Lstr:
	.asciz	"Hello World"
.Lfunc_end1:
	.size	main, .Lfunc_end1-main
	.cfi_endproc
	.cantunwind
	.fnend
                                        @ -- End function
	.type	__ARM_use_no_argv,%object       @ @__ARM_use_no_argv
	.section	.ARM.use_no_argv,"awR",%progbits,unique,1
	.globl	__ARM_use_no_argv
	.p2align	2, 0x0
__ARM_use_no_argv:
	.long	1                               @ 0x1
	.size	__ARM_use_no_argv, 4

	.section	.debug_abbrev,"",%progbits
	.byte	1                               @ Abbreviation Code
	.byte	17                              @ DW_TAG_compile_unit
	.byte	1                               @ DW_CHILDREN_yes
	.byte	37                              @ DW_AT_producer
	.byte	14                              @ DW_FORM_strp
	.byte	19                              @ DW_AT_language
	.byte	5                               @ DW_FORM_data2
	.byte	3                               @ DW_AT_name
	.byte	14                              @ DW_FORM_strp
	.byte	16                              @ DW_AT_stmt_list
	.byte	23                              @ DW_FORM_sec_offset
	.byte	27                              @ DW_AT_comp_dir
	.byte	14                              @ DW_FORM_strp
	.byte	17                              @ DW_AT_low_pc
	.byte	1                               @ DW_FORM_addr
	.byte	85                              @ DW_AT_ranges
	.byte	23                              @ DW_FORM_sec_offset
	.byte	0                               @ EOM(1)
	.byte	0                               @ EOM(2)
	.byte	2                               @ Abbreviation Code
	.byte	52                              @ DW_TAG_variable
	.byte	0                               @ DW_CHILDREN_no
	.byte	73                              @ DW_AT_type
	.byte	19                              @ DW_FORM_ref4
	.byte	58                              @ DW_AT_decl_file
	.byte	11                              @ DW_FORM_data1
	.byte	59                              @ DW_AT_decl_line
	.byte	11                              @ DW_FORM_data1
	.byte	0                               @ EOM(1)
	.byte	0                               @ EOM(2)
	.byte	3                               @ Abbreviation Code
	.byte	1                               @ DW_TAG_array_type
	.byte	1                               @ DW_CHILDREN_yes
	.byte	73                              @ DW_AT_type
	.byte	19                              @ DW_FORM_ref4
	.byte	0                               @ EOM(1)
	.byte	0                               @ EOM(2)
	.byte	4                               @ Abbreviation Code
	.byte	33                              @ DW_TAG_subrange_type
	.byte	0                               @ DW_CHILDREN_no
	.byte	73                              @ DW_AT_type
	.byte	19                              @ DW_FORM_ref4
	.byte	55                              @ DW_AT_count
	.byte	11                              @ DW_FORM_data1
	.byte	0                               @ EOM(1)
	.byte	0                               @ EOM(2)
	.byte	5                               @ Abbreviation Code
	.byte	36                              @ DW_TAG_base_type
	.byte	0                               @ DW_CHILDREN_no
	.byte	3                               @ DW_AT_name
	.byte	14                              @ DW_FORM_strp
	.byte	62                              @ DW_AT_encoding
	.byte	11                              @ DW_FORM_data1
	.byte	11                              @ DW_AT_byte_size
	.byte	11                              @ DW_FORM_data1
	.byte	0                               @ EOM(1)
	.byte	0                               @ EOM(2)
	.byte	6                               @ Abbreviation Code
	.byte	36                              @ DW_TAG_base_type
	.byte	0                               @ DW_CHILDREN_no
	.byte	3                               @ DW_AT_name
	.byte	14                              @ DW_FORM_strp
	.byte	11                              @ DW_AT_byte_size
	.byte	11                              @ DW_FORM_data1
	.byte	62                              @ DW_AT_encoding
	.byte	11                              @ DW_FORM_data1
	.byte	0                               @ EOM(1)
	.byte	0                               @ EOM(2)
	.byte	7                               @ Abbreviation Code
	.byte	15                              @ DW_TAG_pointer_type
	.byte	0                               @ DW_CHILDREN_no
	.byte	73                              @ DW_AT_type
	.byte	19                              @ DW_FORM_ref4
	.byte	0                               @ EOM(1)
	.byte	0                               @ EOM(2)
	.byte	8                               @ Abbreviation Code
	.byte	22                              @ DW_TAG_typedef
	.byte	0                               @ DW_CHILDREN_no
	.byte	73                              @ DW_AT_type
	.byte	19                              @ DW_FORM_ref4
	.byte	3                               @ DW_AT_name
	.byte	14                              @ DW_FORM_strp
	.byte	58                              @ DW_AT_decl_file
	.byte	11                              @ DW_FORM_data1
	.byte	59                              @ DW_AT_decl_line
	.byte	5                               @ DW_FORM_data2
	.byte	0                               @ EOM(1)
	.byte	0                               @ EOM(2)
	.byte	9                               @ Abbreviation Code
	.byte	19                              @ DW_TAG_structure_type
	.byte	1                               @ DW_CHILDREN_yes
	.byte	11                              @ DW_AT_byte_size
	.byte	5                               @ DW_FORM_data2
	.byte	58                              @ DW_AT_decl_file
	.byte	11                              @ DW_FORM_data1
	.byte	59                              @ DW_AT_decl_line
	.byte	11                              @ DW_FORM_data1
	.byte	0                               @ EOM(1)
	.byte	0                               @ EOM(2)
	.byte	10                              @ Abbreviation Code
	.byte	13                              @ DW_TAG_member
	.byte	0                               @ DW_CHILDREN_no
	.byte	3                               @ DW_AT_name
	.byte	14                              @ DW_FORM_strp
	.byte	73                              @ DW_AT_type
	.byte	19                              @ DW_FORM_ref4
	.byte	58                              @ DW_AT_decl_file
	.byte	11                              @ DW_FORM_data1
	.byte	59                              @ DW_AT_decl_line
	.byte	5                               @ DW_FORM_data2
	.byte	56                              @ DW_AT_data_member_location
	.byte	11                              @ DW_FORM_data1
	.byte	0                               @ EOM(1)
	.byte	0                               @ EOM(2)
	.byte	11                              @ Abbreviation Code
	.byte	13                              @ DW_TAG_member
	.byte	0                               @ DW_CHILDREN_no
	.byte	3                               @ DW_AT_name
	.byte	14                              @ DW_FORM_strp
	.byte	73                              @ DW_AT_type
	.byte	19                              @ DW_FORM_ref4
	.byte	58                              @ DW_AT_decl_file
	.byte	11                              @ DW_FORM_data1
	.byte	59                              @ DW_AT_decl_line
	.byte	5                               @ DW_FORM_data2
	.byte	56                              @ DW_AT_data_member_location
	.byte	5                               @ DW_FORM_data2
	.byte	0                               @ EOM(1)
	.byte	0                               @ EOM(2)
	.byte	12                              @ Abbreviation Code
	.byte	38                              @ DW_TAG_const_type
	.byte	0                               @ DW_CHILDREN_no
	.byte	73                              @ DW_AT_type
	.byte	19                              @ DW_FORM_ref4
	.byte	0                               @ EOM(1)
	.byte	0                               @ EOM(2)
	.byte	13                              @ Abbreviation Code
	.byte	53                              @ DW_TAG_volatile_type
	.byte	0                               @ DW_CHILDREN_no
	.byte	73                              @ DW_AT_type
	.byte	19                              @ DW_FORM_ref4
	.byte	0                               @ EOM(1)
	.byte	0                               @ EOM(2)
	.byte	14                              @ Abbreviation Code
	.byte	22                              @ DW_TAG_typedef
	.byte	0                               @ DW_CHILDREN_no
	.byte	73                              @ DW_AT_type
	.byte	19                              @ DW_FORM_ref4
	.byte	3                               @ DW_AT_name
	.byte	14                              @ DW_FORM_strp
	.byte	58                              @ DW_AT_decl_file
	.byte	11                              @ DW_FORM_data1
	.byte	59                              @ DW_AT_decl_line
	.byte	11                              @ DW_FORM_data1
	.byte	0                               @ EOM(1)
	.byte	0                               @ EOM(2)
	.byte	15                              @ Abbreviation Code
	.byte	19                              @ DW_TAG_structure_type
	.byte	1                               @ DW_CHILDREN_yes
	.byte	11                              @ DW_AT_byte_size
	.byte	11                              @ DW_FORM_data1
	.byte	58                              @ DW_AT_decl_file
	.byte	11                              @ DW_FORM_data1
	.byte	59                              @ DW_AT_decl_line
	.byte	11                              @ DW_FORM_data1
	.byte	0                               @ EOM(1)
	.byte	0                               @ EOM(2)
	.byte	16                              @ Abbreviation Code
	.byte	46                              @ DW_TAG_subprogram
	.byte	0                               @ DW_CHILDREN_no
	.byte	3                               @ DW_AT_name
	.byte	14                              @ DW_FORM_strp
	.byte	58                              @ DW_AT_decl_file
	.byte	11                              @ DW_FORM_data1
	.byte	59                              @ DW_AT_decl_line
	.byte	5                               @ DW_FORM_data2
	.byte	39                              @ DW_AT_prototyped
	.byte	25                              @ DW_FORM_flag_present
	.byte	32                              @ DW_AT_inline
	.byte	11                              @ DW_FORM_data1
	.byte	0                               @ EOM(1)
	.byte	0                               @ EOM(2)
	.byte	17                              @ Abbreviation Code
	.byte	46                              @ DW_TAG_subprogram
	.byte	1                               @ DW_CHILDREN_yes
	.byte	17                              @ DW_AT_low_pc
	.byte	1                               @ DW_FORM_addr
	.byte	18                              @ DW_AT_high_pc
	.byte	6                               @ DW_FORM_data4
	.byte	64                              @ DW_AT_frame_base
	.byte	24                              @ DW_FORM_exprloc
	.ascii	"\227B"                         @ DW_AT_GNU_all_call_sites
	.byte	25                              @ DW_FORM_flag_present
	.byte	3                               @ DW_AT_name
	.byte	14                              @ DW_FORM_strp
	.byte	58                              @ DW_AT_decl_file
	.byte	11                              @ DW_FORM_data1
	.byte	59                              @ DW_AT_decl_line
	.byte	11                              @ DW_FORM_data1
	.byte	39                              @ DW_AT_prototyped
	.byte	25                              @ DW_FORM_flag_present
	.byte	63                              @ DW_AT_external
	.byte	25                              @ DW_FORM_flag_present
	.byte	0                               @ EOM(1)
	.byte	0                               @ EOM(2)
	.byte	18                              @ Abbreviation Code
	.byte	29                              @ DW_TAG_inlined_subroutine
	.byte	0                               @ DW_CHILDREN_no
	.byte	49                              @ DW_AT_abstract_origin
	.byte	19                              @ DW_FORM_ref4
	.byte	17                              @ DW_AT_low_pc
	.byte	1                               @ DW_FORM_addr
	.byte	18                              @ DW_AT_high_pc
	.byte	6                               @ DW_FORM_data4
	.byte	88                              @ DW_AT_call_file
	.byte	11                              @ DW_FORM_data1
	.byte	89                              @ DW_AT_call_line
	.byte	11                              @ DW_FORM_data1
	.byte	87                              @ DW_AT_call_column
	.byte	11                              @ DW_FORM_data1
	.byte	0                               @ EOM(1)
	.byte	0                               @ EOM(2)
	.byte	19                              @ Abbreviation Code
	.byte	46                              @ DW_TAG_subprogram
	.byte	0                               @ DW_CHILDREN_no
	.byte	17                              @ DW_AT_low_pc
	.byte	1                               @ DW_FORM_addr
	.byte	18                              @ DW_AT_high_pc
	.byte	6                               @ DW_FORM_data4
	.byte	64                              @ DW_AT_frame_base
	.byte	24                              @ DW_FORM_exprloc
	.ascii	"\227B"                         @ DW_AT_GNU_all_call_sites
	.byte	25                              @ DW_FORM_flag_present
	.byte	3                               @ DW_AT_name
	.byte	14                              @ DW_FORM_strp
	.byte	58                              @ DW_AT_decl_file
	.byte	11                              @ DW_FORM_data1
	.byte	59                              @ DW_AT_decl_line
	.byte	11                              @ DW_FORM_data1
	.byte	73                              @ DW_AT_type
	.byte	19                              @ DW_FORM_ref4
	.byte	63                              @ DW_AT_external
	.byte	25                              @ DW_FORM_flag_present
	.byte	0                               @ EOM(1)
	.byte	0                               @ EOM(2)
	.byte	0                               @ EOM(3)
	.section	.debug_info,"",%progbits
.Lcu_begin0:
	.long	.Ldebug_info_end0-.Ldebug_info_start0 @ Length of Unit
.Ldebug_info_start0:
	.short	4                               @ DWARF version number
	.long	.debug_abbrev                   @ Offset Into Abbrev. Section
	.byte	4                               @ Address Size (in bytes)
	.byte	1                               @ Abbrev [1] 0xb:0x56a DW_TAG_compile_unit
	.long	.Linfo_string0                  @ DW_AT_producer
	.short	12                              @ DW_AT_language
	.long	.Linfo_string1                  @ DW_AT_name
	.long	.Lline_table_start0             @ DW_AT_stmt_list
	.long	.Linfo_string2                  @ DW_AT_comp_dir
	.long	0                               @ DW_AT_low_pc
	.long	.Ldebug_ranges0                 @ DW_AT_ranges
	.byte	2                               @ Abbrev [2] 0x26:0x7 DW_TAG_variable
	.long	45                              @ DW_AT_type
	.byte	1                               @ DW_AT_decl_file
	.byte	61                              @ DW_AT_decl_line
	.byte	3                               @ Abbrev [3] 0x2d:0xc DW_TAG_array_type
	.long	57                              @ DW_AT_type
	.byte	4                               @ Abbrev [4] 0x32:0x6 DW_TAG_subrange_type
	.long	64                              @ DW_AT_type
	.byte	13                              @ DW_AT_count
	.byte	0                               @ End Of Children Mark
	.byte	5                               @ Abbrev [5] 0x39:0x7 DW_TAG_base_type
	.long	.Linfo_string3                  @ DW_AT_name
	.byte	8                               @ DW_AT_encoding
	.byte	1                               @ DW_AT_byte_size
	.byte	6                               @ Abbrev [6] 0x40:0x7 DW_TAG_base_type
	.long	.Linfo_string4                  @ DW_AT_name
	.byte	8                               @ DW_AT_byte_size
	.byte	7                               @ DW_AT_encoding
	.byte	7                               @ Abbrev [7] 0x47:0x5 DW_TAG_pointer_type
	.long	76                              @ DW_AT_type
	.byte	8                               @ Abbrev [8] 0x4c:0xc DW_TAG_typedef
	.long	88                              @ DW_AT_type
	.long	.Linfo_string69                 @ DW_AT_name
	.byte	3                               @ DW_AT_decl_file
	.short	641                             @ DW_AT_decl_line
	.byte	9                               @ Abbrev [9] 0x58:0x340 DW_TAG_structure_type
	.short	496                             @ DW_AT_byte_size
	.byte	3                               @ DW_AT_decl_file
	.byte	26                              @ DW_AT_decl_line
	.byte	10                              @ Abbrev [10] 0x5d:0xd DW_TAG_member
	.long	.Linfo_string5                  @ DW_AT_name
	.long	920                             @ DW_AT_type
	.byte	3                               @ DW_AT_decl_file
	.short	579                             @ DW_AT_decl_line
	.byte	0                               @ DW_AT_data_member_location
	.byte	10                              @ Abbrev [10] 0x6a:0xd DW_TAG_member
	.long	.Linfo_string8                  @ DW_AT_name
	.long	925                             @ DW_AT_type
	.byte	3                               @ DW_AT_decl_file
	.short	580                             @ DW_AT_decl_line
	.byte	4                               @ DW_AT_data_member_location
	.byte	10                              @ Abbrev [10] 0x77:0xd DW_TAG_member
	.long	.Linfo_string9                  @ DW_AT_name
	.long	925                             @ DW_AT_type
	.byte	3                               @ DW_AT_decl_file
	.short	581                             @ DW_AT_decl_line
	.byte	8                               @ DW_AT_data_member_location
	.byte	10                              @ Abbrev [10] 0x84:0xd DW_TAG_member
	.long	.Linfo_string10                 @ DW_AT_name
	.long	925                             @ DW_AT_type
	.byte	3                               @ DW_AT_decl_file
	.short	582                             @ DW_AT_decl_line
	.byte	12                              @ DW_AT_data_member_location
	.byte	10                              @ Abbrev [10] 0x91:0xd DW_TAG_member
	.long	.Linfo_string11                 @ DW_AT_name
	.long	925                             @ DW_AT_type
	.byte	3                               @ DW_AT_decl_file
	.short	583                             @ DW_AT_decl_line
	.byte	16                              @ DW_AT_data_member_location
	.byte	10                              @ Abbrev [10] 0x9e:0xd DW_TAG_member
	.long	.Linfo_string12                 @ DW_AT_name
	.long	948                             @ DW_AT_type
	.byte	3                               @ DW_AT_decl_file
	.short	584                             @ DW_AT_decl_line
	.byte	20                              @ DW_AT_data_member_location
	.byte	10                              @ Abbrev [10] 0xab:0xd DW_TAG_member
	.long	.Linfo_string13                 @ DW_AT_name
	.long	925                             @ DW_AT_type
	.byte	3                               @ DW_AT_decl_file
	.short	585                             @ DW_AT_decl_line
	.byte	24                              @ DW_AT_data_member_location
	.byte	10                              @ Abbrev [10] 0xb8:0xd DW_TAG_member
	.long	.Linfo_string14                 @ DW_AT_name
	.long	960                             @ DW_AT_type
	.byte	3                               @ DW_AT_decl_file
	.short	586                             @ DW_AT_decl_line
	.byte	28                              @ DW_AT_data_member_location
	.byte	10                              @ Abbrev [10] 0xc5:0xd DW_TAG_member
	.long	.Linfo_string15                 @ DW_AT_name
	.long	925                             @ DW_AT_type
	.byte	3                               @ DW_AT_decl_file
	.short	587                             @ DW_AT_decl_line
	.byte	36                              @ DW_AT_data_member_location
	.byte	10                              @ Abbrev [10] 0xd2:0xd DW_TAG_member
	.long	.Linfo_string16                 @ DW_AT_name
	.long	960                             @ DW_AT_type
	.byte	3                               @ DW_AT_decl_file
	.short	588                             @ DW_AT_decl_line
	.byte	40                              @ DW_AT_data_member_location
	.byte	10                              @ Abbrev [10] 0xdf:0xd DW_TAG_member
	.long	.Linfo_string17                 @ DW_AT_name
	.long	925                             @ DW_AT_type
	.byte	3                               @ DW_AT_decl_file
	.short	589                             @ DW_AT_decl_line
	.byte	48                              @ DW_AT_data_member_location
	.byte	10                              @ Abbrev [10] 0xec:0xd DW_TAG_member
	.long	.Linfo_string18                 @ DW_AT_name
	.long	925                             @ DW_AT_type
	.byte	3                               @ DW_AT_decl_file
	.short	590                             @ DW_AT_decl_line
	.byte	52                              @ DW_AT_data_member_location
	.byte	10                              @ Abbrev [10] 0xf9:0xd DW_TAG_member
	.long	.Linfo_string19                 @ DW_AT_name
	.long	925                             @ DW_AT_type
	.byte	3                               @ DW_AT_decl_file
	.short	591                             @ DW_AT_decl_line
	.byte	56                              @ DW_AT_data_member_location
	.byte	10                              @ Abbrev [10] 0x106:0xd DW_TAG_member
	.long	.Linfo_string20                 @ DW_AT_name
	.long	925                             @ DW_AT_type
	.byte	3                               @ DW_AT_decl_file
	.short	592                             @ DW_AT_decl_line
	.byte	60                              @ DW_AT_data_member_location
	.byte	10                              @ Abbrev [10] 0x113:0xd DW_TAG_member
	.long	.Linfo_string21                 @ DW_AT_name
	.long	925                             @ DW_AT_type
	.byte	3                               @ DW_AT_decl_file
	.short	593                             @ DW_AT_decl_line
	.byte	64                              @ DW_AT_data_member_location
	.byte	10                              @ Abbrev [10] 0x120:0xd DW_TAG_member
	.long	.Linfo_string22                 @ DW_AT_name
	.long	925                             @ DW_AT_type
	.byte	3                               @ DW_AT_decl_file
	.short	594                             @ DW_AT_decl_line
	.byte	68                              @ DW_AT_data_member_location
	.byte	10                              @ Abbrev [10] 0x12d:0xd DW_TAG_member
	.long	.Linfo_string23                 @ DW_AT_name
	.long	925                             @ DW_AT_type
	.byte	3                               @ DW_AT_decl_file
	.short	595                             @ DW_AT_decl_line
	.byte	72                              @ DW_AT_data_member_location
	.byte	10                              @ Abbrev [10] 0x13a:0xd DW_TAG_member
	.long	.Linfo_string24                 @ DW_AT_name
	.long	925                             @ DW_AT_type
	.byte	3                               @ DW_AT_decl_file
	.short	596                             @ DW_AT_decl_line
	.byte	76                              @ DW_AT_data_member_location
	.byte	10                              @ Abbrev [10] 0x147:0xd DW_TAG_member
	.long	.Linfo_string25                 @ DW_AT_name
	.long	925                             @ DW_AT_type
	.byte	3                               @ DW_AT_decl_file
	.short	597                             @ DW_AT_decl_line
	.byte	80                              @ DW_AT_data_member_location
	.byte	10                              @ Abbrev [10] 0x154:0xd DW_TAG_member
	.long	.Linfo_string26                 @ DW_AT_name
	.long	925                             @ DW_AT_type
	.byte	3                               @ DW_AT_decl_file
	.short	598                             @ DW_AT_decl_line
	.byte	84                              @ DW_AT_data_member_location
	.byte	10                              @ Abbrev [10] 0x161:0xd DW_TAG_member
	.long	.Linfo_string27                 @ DW_AT_name
	.long	925                             @ DW_AT_type
	.byte	3                               @ DW_AT_decl_file
	.short	599                             @ DW_AT_decl_line
	.byte	88                              @ DW_AT_data_member_location
	.byte	10                              @ Abbrev [10] 0x16e:0xd DW_TAG_member
	.long	.Linfo_string28                 @ DW_AT_name
	.long	925                             @ DW_AT_type
	.byte	3                               @ DW_AT_decl_file
	.short	600                             @ DW_AT_decl_line
	.byte	92                              @ DW_AT_data_member_location
	.byte	10                              @ Abbrev [10] 0x17b:0xd DW_TAG_member
	.long	.Linfo_string29                 @ DW_AT_name
	.long	925                             @ DW_AT_type
	.byte	3                               @ DW_AT_decl_file
	.short	601                             @ DW_AT_decl_line
	.byte	96                              @ DW_AT_data_member_location
	.byte	10                              @ Abbrev [10] 0x188:0xd DW_TAG_member
	.long	.Linfo_string30                 @ DW_AT_name
	.long	925                             @ DW_AT_type
	.byte	3                               @ DW_AT_decl_file
	.short	602                             @ DW_AT_decl_line
	.byte	100                             @ DW_AT_data_member_location
	.byte	10                              @ Abbrev [10] 0x195:0xd DW_TAG_member
	.long	.Linfo_string31                 @ DW_AT_name
	.long	925                             @ DW_AT_type
	.byte	3                               @ DW_AT_decl_file
	.short	603                             @ DW_AT_decl_line
	.byte	104                             @ DW_AT_data_member_location
	.byte	10                              @ Abbrev [10] 0x1a2:0xd DW_TAG_member
	.long	.Linfo_string32                 @ DW_AT_name
	.long	925                             @ DW_AT_type
	.byte	3                               @ DW_AT_decl_file
	.short	604                             @ DW_AT_decl_line
	.byte	108                             @ DW_AT_data_member_location
	.byte	10                              @ Abbrev [10] 0x1af:0xd DW_TAG_member
	.long	.Linfo_string33                 @ DW_AT_name
	.long	960                             @ DW_AT_type
	.byte	3                               @ DW_AT_decl_file
	.short	605                             @ DW_AT_decl_line
	.byte	112                             @ DW_AT_data_member_location
	.byte	10                              @ Abbrev [10] 0x1bc:0xd DW_TAG_member
	.long	.Linfo_string34                 @ DW_AT_name
	.long	925                             @ DW_AT_type
	.byte	3                               @ DW_AT_decl_file
	.short	606                             @ DW_AT_decl_line
	.byte	120                             @ DW_AT_data_member_location
	.byte	10                              @ Abbrev [10] 0x1c9:0xd DW_TAG_member
	.long	.Linfo_string35                 @ DW_AT_name
	.long	972                             @ DW_AT_type
	.byte	3                               @ DW_AT_decl_file
	.short	607                             @ DW_AT_decl_line
	.byte	124                             @ DW_AT_data_member_location
	.byte	10                              @ Abbrev [10] 0x1d6:0xd DW_TAG_member
	.long	.Linfo_string36                 @ DW_AT_name
	.long	925                             @ DW_AT_type
	.byte	3                               @ DW_AT_decl_file
	.short	608                             @ DW_AT_decl_line
	.byte	192                             @ DW_AT_data_member_location
	.byte	10                              @ Abbrev [10] 0x1e3:0xd DW_TAG_member
	.long	.Linfo_string37                 @ DW_AT_name
	.long	984                             @ DW_AT_type
	.byte	3                               @ DW_AT_decl_file
	.short	609                             @ DW_AT_decl_line
	.byte	196                             @ DW_AT_data_member_location
	.byte	10                              @ Abbrev [10] 0x1f0:0xd DW_TAG_member
	.long	.Linfo_string38                 @ DW_AT_name
	.long	925                             @ DW_AT_type
	.byte	3                               @ DW_AT_decl_file
	.short	610                             @ DW_AT_decl_line
	.byte	208                             @ DW_AT_data_member_location
	.byte	10                              @ Abbrev [10] 0x1fd:0xd DW_TAG_member
	.long	.Linfo_string39                 @ DW_AT_name
	.long	920                             @ DW_AT_type
	.byte	3                               @ DW_AT_decl_file
	.short	611                             @ DW_AT_decl_line
	.byte	212                             @ DW_AT_data_member_location
	.byte	10                              @ Abbrev [10] 0x20a:0xd DW_TAG_member
	.long	.Linfo_string40                 @ DW_AT_name
	.long	925                             @ DW_AT_type
	.byte	3                               @ DW_AT_decl_file
	.short	612                             @ DW_AT_decl_line
	.byte	216                             @ DW_AT_data_member_location
	.byte	10                              @ Abbrev [10] 0x217:0xd DW_TAG_member
	.long	.Linfo_string41                 @ DW_AT_name
	.long	925                             @ DW_AT_type
	.byte	3                               @ DW_AT_decl_file
	.short	613                             @ DW_AT_decl_line
	.byte	220                             @ DW_AT_data_member_location
	.byte	10                              @ Abbrev [10] 0x224:0xd DW_TAG_member
	.long	.Linfo_string42                 @ DW_AT_name
	.long	925                             @ DW_AT_type
	.byte	3                               @ DW_AT_decl_file
	.short	614                             @ DW_AT_decl_line
	.byte	224                             @ DW_AT_data_member_location
	.byte	10                              @ Abbrev [10] 0x231:0xd DW_TAG_member
	.long	.Linfo_string43                 @ DW_AT_name
	.long	920                             @ DW_AT_type
	.byte	3                               @ DW_AT_decl_file
	.short	615                             @ DW_AT_decl_line
	.byte	228                             @ DW_AT_data_member_location
	.byte	10                              @ Abbrev [10] 0x23e:0xd DW_TAG_member
	.long	.Linfo_string44                 @ DW_AT_name
	.long	960                             @ DW_AT_type
	.byte	3                               @ DW_AT_decl_file
	.short	616                             @ DW_AT_decl_line
	.byte	232                             @ DW_AT_data_member_location
	.byte	10                              @ Abbrev [10] 0x24b:0xd DW_TAG_member
	.long	.Linfo_string45                 @ DW_AT_name
	.long	925                             @ DW_AT_type
	.byte	3                               @ DW_AT_decl_file
	.short	617                             @ DW_AT_decl_line
	.byte	240                             @ DW_AT_data_member_location
	.byte	10                              @ Abbrev [10] 0x258:0xd DW_TAG_member
	.long	.Linfo_string46                 @ DW_AT_name
	.long	925                             @ DW_AT_type
	.byte	3                               @ DW_AT_decl_file
	.short	618                             @ DW_AT_decl_line
	.byte	244                             @ DW_AT_data_member_location
	.byte	10                              @ Abbrev [10] 0x265:0xd DW_TAG_member
	.long	.Linfo_string47                 @ DW_AT_name
	.long	925                             @ DW_AT_type
	.byte	3                               @ DW_AT_decl_file
	.short	619                             @ DW_AT_decl_line
	.byte	248                             @ DW_AT_data_member_location
	.byte	10                              @ Abbrev [10] 0x272:0xd DW_TAG_member
	.long	.Linfo_string48                 @ DW_AT_name
	.long	948                             @ DW_AT_type
	.byte	3                               @ DW_AT_decl_file
	.short	620                             @ DW_AT_decl_line
	.byte	252                             @ DW_AT_data_member_location
	.byte	11                              @ Abbrev [11] 0x27f:0xe DW_TAG_member
	.long	.Linfo_string49                 @ DW_AT_name
	.long	925                             @ DW_AT_type
	.byte	3                               @ DW_AT_decl_file
	.short	621                             @ DW_AT_decl_line
	.short	256                             @ DW_AT_data_member_location
	.byte	11                              @ Abbrev [11] 0x28d:0xe DW_TAG_member
	.long	.Linfo_string50                 @ DW_AT_name
	.long	996                             @ DW_AT_type
	.byte	3                               @ DW_AT_decl_file
	.short	622                             @ DW_AT_decl_line
	.short	260                             @ DW_AT_data_member_location
	.byte	11                              @ Abbrev [11] 0x29b:0xe DW_TAG_member
	.long	.Linfo_string51                 @ DW_AT_name
	.long	925                             @ DW_AT_type
	.byte	3                               @ DW_AT_decl_file
	.short	623                             @ DW_AT_decl_line
	.short	280                             @ DW_AT_data_member_location
	.byte	11                              @ Abbrev [11] 0x2a9:0xe DW_TAG_member
	.long	.Linfo_string52                 @ DW_AT_name
	.long	948                             @ DW_AT_type
	.byte	3                               @ DW_AT_decl_file
	.short	624                             @ DW_AT_decl_line
	.short	284                             @ DW_AT_data_member_location
	.byte	11                              @ Abbrev [11] 0x2b7:0xe DW_TAG_member
	.long	.Linfo_string53                 @ DW_AT_name
	.long	920                             @ DW_AT_type
	.byte	3                               @ DW_AT_decl_file
	.short	625                             @ DW_AT_decl_line
	.short	288                             @ DW_AT_data_member_location
	.byte	11                              @ Abbrev [11] 0x2c5:0xe DW_TAG_member
	.long	.Linfo_string54                 @ DW_AT_name
	.long	920                             @ DW_AT_type
	.byte	3                               @ DW_AT_decl_file
	.short	626                             @ DW_AT_decl_line
	.short	292                             @ DW_AT_data_member_location
	.byte	11                              @ Abbrev [11] 0x2d3:0xe DW_TAG_member
	.long	.Linfo_string55                 @ DW_AT_name
	.long	1008                            @ DW_AT_type
	.byte	3                               @ DW_AT_decl_file
	.short	627                             @ DW_AT_decl_line
	.short	296                             @ DW_AT_data_member_location
	.byte	11                              @ Abbrev [11] 0x2e1:0xe DW_TAG_member
	.long	.Linfo_string56                 @ DW_AT_name
	.long	920                             @ DW_AT_type
	.byte	3                               @ DW_AT_decl_file
	.short	628                             @ DW_AT_decl_line
	.short	312                             @ DW_AT_data_member_location
	.byte	11                              @ Abbrev [11] 0x2ef:0xe DW_TAG_member
	.long	.Linfo_string57                 @ DW_AT_name
	.long	996                             @ DW_AT_type
	.byte	3                               @ DW_AT_decl_file
	.short	629                             @ DW_AT_decl_line
	.short	316                             @ DW_AT_data_member_location
	.byte	11                              @ Abbrev [11] 0x2fd:0xe DW_TAG_member
	.long	.Linfo_string58                 @ DW_AT_name
	.long	920                             @ DW_AT_type
	.byte	3                               @ DW_AT_decl_file
	.short	630                             @ DW_AT_decl_line
	.short	336                             @ DW_AT_data_member_location
	.byte	11                              @ Abbrev [11] 0x30b:0xe DW_TAG_member
	.long	.Linfo_string59                 @ DW_AT_name
	.long	920                             @ DW_AT_type
	.byte	3                               @ DW_AT_decl_file
	.short	631                             @ DW_AT_decl_line
	.short	340                             @ DW_AT_data_member_location
	.byte	11                              @ Abbrev [11] 0x319:0xe DW_TAG_member
	.long	.Linfo_string60                 @ DW_AT_name
	.long	920                             @ DW_AT_type
	.byte	3                               @ DW_AT_decl_file
	.short	632                             @ DW_AT_decl_line
	.short	344                             @ DW_AT_data_member_location
	.byte	11                              @ Abbrev [11] 0x327:0xe DW_TAG_member
	.long	.Linfo_string61                 @ DW_AT_name
	.long	920                             @ DW_AT_type
	.byte	3                               @ DW_AT_decl_file
	.short	633                             @ DW_AT_decl_line
	.short	348                             @ DW_AT_data_member_location
	.byte	11                              @ Abbrev [11] 0x335:0xe DW_TAG_member
	.long	.Linfo_string62                 @ DW_AT_name
	.long	925                             @ DW_AT_type
	.byte	3                               @ DW_AT_decl_file
	.short	634                             @ DW_AT_decl_line
	.short	352                             @ DW_AT_data_member_location
	.byte	11                              @ Abbrev [11] 0x343:0xe DW_TAG_member
	.long	.Linfo_string63                 @ DW_AT_name
	.long	1020                            @ DW_AT_type
	.byte	3                               @ DW_AT_decl_file
	.short	635                             @ DW_AT_decl_line
	.short	356                             @ DW_AT_data_member_location
	.byte	11                              @ Abbrev [11] 0x351:0xe DW_TAG_member
	.long	.Linfo_string64                 @ DW_AT_name
	.long	925                             @ DW_AT_type
	.byte	3                               @ DW_AT_decl_file
	.short	636                             @ DW_AT_decl_line
	.short	392                             @ DW_AT_data_member_location
	.byte	11                              @ Abbrev [11] 0x35f:0xe DW_TAG_member
	.long	.Linfo_string65                 @ DW_AT_name
	.long	925                             @ DW_AT_type
	.byte	3                               @ DW_AT_decl_file
	.short	637                             @ DW_AT_decl_line
	.short	396                             @ DW_AT_data_member_location
	.byte	11                              @ Abbrev [11] 0x36d:0xe DW_TAG_member
	.long	.Linfo_string66                 @ DW_AT_name
	.long	925                             @ DW_AT_type
	.byte	3                               @ DW_AT_decl_file
	.short	638                             @ DW_AT_decl_line
	.short	400                             @ DW_AT_data_member_location
	.byte	11                              @ Abbrev [11] 0x37b:0xe DW_TAG_member
	.long	.Linfo_string67                 @ DW_AT_name
	.long	1032                            @ DW_AT_type
	.byte	3                               @ DW_AT_decl_file
	.short	639                             @ DW_AT_decl_line
	.short	404                             @ DW_AT_data_member_location
	.byte	11                              @ Abbrev [11] 0x389:0xe DW_TAG_member
	.long	.Linfo_string68                 @ DW_AT_name
	.long	925                             @ DW_AT_type
	.byte	3                               @ DW_AT_decl_file
	.short	640                             @ DW_AT_decl_line
	.short	492                             @ DW_AT_data_member_location
	.byte	0                               @ End Of Children Mark
	.byte	12                              @ Abbrev [12] 0x398:0x5 DW_TAG_const_type
	.long	925                             @ DW_AT_type
	.byte	13                              @ Abbrev [13] 0x39d:0x5 DW_TAG_volatile_type
	.long	930                             @ DW_AT_type
	.byte	14                              @ Abbrev [14] 0x3a2:0xb DW_TAG_typedef
	.long	941                             @ DW_AT_type
	.long	.Linfo_string7                  @ DW_AT_name
	.byte	2                               @ DW_AT_decl_file
	.byte	64                              @ DW_AT_decl_line
	.byte	5                               @ Abbrev [5] 0x3ad:0x7 DW_TAG_base_type
	.long	.Linfo_string6                  @ DW_AT_name
	.byte	7                               @ DW_AT_encoding
	.byte	4                               @ DW_AT_byte_size
	.byte	3                               @ Abbrev [3] 0x3b4:0xc DW_TAG_array_type
	.long	920                             @ DW_AT_type
	.byte	4                               @ Abbrev [4] 0x3b9:0x6 DW_TAG_subrange_type
	.long	64                              @ DW_AT_type
	.byte	1                               @ DW_AT_count
	.byte	0                               @ End Of Children Mark
	.byte	3                               @ Abbrev [3] 0x3c0:0xc DW_TAG_array_type
	.long	920                             @ DW_AT_type
	.byte	4                               @ Abbrev [4] 0x3c5:0x6 DW_TAG_subrange_type
	.long	64                              @ DW_AT_type
	.byte	2                               @ DW_AT_count
	.byte	0                               @ End Of Children Mark
	.byte	3                               @ Abbrev [3] 0x3cc:0xc DW_TAG_array_type
	.long	920                             @ DW_AT_type
	.byte	4                               @ Abbrev [4] 0x3d1:0x6 DW_TAG_subrange_type
	.long	64                              @ DW_AT_type
	.byte	17                              @ DW_AT_count
	.byte	0                               @ End Of Children Mark
	.byte	3                               @ Abbrev [3] 0x3d8:0xc DW_TAG_array_type
	.long	920                             @ DW_AT_type
	.byte	4                               @ Abbrev [4] 0x3dd:0x6 DW_TAG_subrange_type
	.long	64                              @ DW_AT_type
	.byte	3                               @ DW_AT_count
	.byte	0                               @ End Of Children Mark
	.byte	3                               @ Abbrev [3] 0x3e4:0xc DW_TAG_array_type
	.long	920                             @ DW_AT_type
	.byte	4                               @ Abbrev [4] 0x3e9:0x6 DW_TAG_subrange_type
	.long	64                              @ DW_AT_type
	.byte	5                               @ DW_AT_count
	.byte	0                               @ End Of Children Mark
	.byte	3                               @ Abbrev [3] 0x3f0:0xc DW_TAG_array_type
	.long	920                             @ DW_AT_type
	.byte	4                               @ Abbrev [4] 0x3f5:0x6 DW_TAG_subrange_type
	.long	64                              @ DW_AT_type
	.byte	4                               @ DW_AT_count
	.byte	0                               @ End Of Children Mark
	.byte	3                               @ Abbrev [3] 0x3fc:0xc DW_TAG_array_type
	.long	920                             @ DW_AT_type
	.byte	4                               @ Abbrev [4] 0x401:0x6 DW_TAG_subrange_type
	.long	64                              @ DW_AT_type
	.byte	9                               @ DW_AT_count
	.byte	0                               @ End Of Children Mark
	.byte	3                               @ Abbrev [3] 0x408:0xc DW_TAG_array_type
	.long	920                             @ DW_AT_type
	.byte	4                               @ Abbrev [4] 0x40d:0x6 DW_TAG_subrange_type
	.long	64                              @ DW_AT_type
	.byte	22                              @ DW_AT_count
	.byte	0                               @ End Of Children Mark
	.byte	7                               @ Abbrev [7] 0x414:0x5 DW_TAG_pointer_type
	.long	1049                            @ DW_AT_type
	.byte	8                               @ Abbrev [8] 0x419:0xc DW_TAG_typedef
	.long	1061                            @ DW_AT_type
	.long	.Linfo_string87                 @ DW_AT_name
	.byte	4                               @ DW_AT_decl_file
	.short	721                             @ DW_AT_decl_line
	.byte	15                              @ Abbrev [15] 0x425:0xef DW_TAG_structure_type
	.byte	76                              @ DW_AT_byte_size
	.byte	4                               @ DW_AT_decl_file
	.byte	26                              @ DW_AT_decl_line
	.byte	10                              @ Abbrev [10] 0x429:0xd DW_TAG_member
	.long	.Linfo_string70                 @ DW_AT_name
	.long	925                             @ DW_AT_type
	.byte	4                               @ DW_AT_decl_file
	.short	702                             @ DW_AT_decl_line
	.byte	0                               @ DW_AT_data_member_location
	.byte	10                              @ Abbrev [10] 0x436:0xd DW_TAG_member
	.long	.Linfo_string71                 @ DW_AT_name
	.long	925                             @ DW_AT_type
	.byte	4                               @ DW_AT_decl_file
	.short	703                             @ DW_AT_decl_line
	.byte	4                               @ DW_AT_data_member_location
	.byte	10                              @ Abbrev [10] 0x443:0xd DW_TAG_member
	.long	.Linfo_string72                 @ DW_AT_name
	.long	925                             @ DW_AT_type
	.byte	4                               @ DW_AT_decl_file
	.short	704                             @ DW_AT_decl_line
	.byte	8                               @ DW_AT_data_member_location
	.byte	10                              @ Abbrev [10] 0x450:0xd DW_TAG_member
	.long	.Linfo_string73                 @ DW_AT_name
	.long	925                             @ DW_AT_type
	.byte	4                               @ DW_AT_decl_file
	.short	705                             @ DW_AT_decl_line
	.byte	12                              @ DW_AT_data_member_location
	.byte	10                              @ Abbrev [10] 0x45d:0xd DW_TAG_member
	.long	.Linfo_string74                 @ DW_AT_name
	.long	925                             @ DW_AT_type
	.byte	4                               @ DW_AT_decl_file
	.short	706                             @ DW_AT_decl_line
	.byte	16                              @ DW_AT_data_member_location
	.byte	10                              @ Abbrev [10] 0x46a:0xd DW_TAG_member
	.long	.Linfo_string75                 @ DW_AT_name
	.long	925                             @ DW_AT_type
	.byte	4                               @ DW_AT_decl_file
	.short	707                             @ DW_AT_decl_line
	.byte	20                              @ DW_AT_data_member_location
	.byte	10                              @ Abbrev [10] 0x477:0xd DW_TAG_member
	.long	.Linfo_string76                 @ DW_AT_name
	.long	925                             @ DW_AT_type
	.byte	4                               @ DW_AT_decl_file
	.short	708                             @ DW_AT_decl_line
	.byte	24                              @ DW_AT_data_member_location
	.byte	10                              @ Abbrev [10] 0x484:0xd DW_TAG_member
	.long	.Linfo_string77                 @ DW_AT_name
	.long	925                             @ DW_AT_type
	.byte	4                               @ DW_AT_decl_file
	.short	709                             @ DW_AT_decl_line
	.byte	28                              @ DW_AT_data_member_location
	.byte	10                              @ Abbrev [10] 0x491:0xd DW_TAG_member
	.long	.Linfo_string78                 @ DW_AT_name
	.long	925                             @ DW_AT_type
	.byte	4                               @ DW_AT_decl_file
	.short	710                             @ DW_AT_decl_line
	.byte	32                              @ DW_AT_data_member_location
	.byte	10                              @ Abbrev [10] 0x49e:0xd DW_TAG_member
	.long	.Linfo_string79                 @ DW_AT_name
	.long	925                             @ DW_AT_type
	.byte	4                               @ DW_AT_decl_file
	.short	711                             @ DW_AT_decl_line
	.byte	36                              @ DW_AT_data_member_location
	.byte	10                              @ Abbrev [10] 0x4ab:0xd DW_TAG_member
	.long	.Linfo_string80                 @ DW_AT_name
	.long	925                             @ DW_AT_type
	.byte	4                               @ DW_AT_decl_file
	.short	712                             @ DW_AT_decl_line
	.byte	40                              @ DW_AT_data_member_location
	.byte	10                              @ Abbrev [10] 0x4b8:0xd DW_TAG_member
	.long	.Linfo_string81                 @ DW_AT_name
	.long	925                             @ DW_AT_type
	.byte	4                               @ DW_AT_decl_file
	.short	713                             @ DW_AT_decl_line
	.byte	44                              @ DW_AT_data_member_location
	.byte	10                              @ Abbrev [10] 0x4c5:0xd DW_TAG_member
	.long	.Linfo_string82                 @ DW_AT_name
	.long	925                             @ DW_AT_type
	.byte	4                               @ DW_AT_decl_file
	.short	714                             @ DW_AT_decl_line
	.byte	48                              @ DW_AT_data_member_location
	.byte	10                              @ Abbrev [10] 0x4d2:0xd DW_TAG_member
	.long	.Linfo_string12                 @ DW_AT_name
	.long	960                             @ DW_AT_type
	.byte	4                               @ DW_AT_decl_file
	.short	715                             @ DW_AT_decl_line
	.byte	52                              @ DW_AT_data_member_location
	.byte	10                              @ Abbrev [10] 0x4df:0xd DW_TAG_member
	.long	.Linfo_string83                 @ DW_AT_name
	.long	925                             @ DW_AT_type
	.byte	4                               @ DW_AT_decl_file
	.short	716                             @ DW_AT_decl_line
	.byte	60                              @ DW_AT_data_member_location
	.byte	10                              @ Abbrev [10] 0x4ec:0xd DW_TAG_member
	.long	.Linfo_string84                 @ DW_AT_name
	.long	925                             @ DW_AT_type
	.byte	4                               @ DW_AT_decl_file
	.short	717                             @ DW_AT_decl_line
	.byte	64                              @ DW_AT_data_member_location
	.byte	10                              @ Abbrev [10] 0x4f9:0xd DW_TAG_member
	.long	.Linfo_string85                 @ DW_AT_name
	.long	925                             @ DW_AT_type
	.byte	4                               @ DW_AT_decl_file
	.short	718                             @ DW_AT_decl_line
	.byte	68                              @ DW_AT_data_member_location
	.byte	10                              @ Abbrev [10] 0x506:0xd DW_TAG_member
	.long	.Linfo_string86                 @ DW_AT_name
	.long	925                             @ DW_AT_type
	.byte	4                               @ DW_AT_decl_file
	.short	719                             @ DW_AT_decl_line
	.byte	72                              @ DW_AT_data_member_location
	.byte	0                               @ End Of Children Mark
	.byte	16                              @ Abbrev [16] 0x514:0x9 DW_TAG_subprogram
	.long	.Linfo_string88                 @ DW_AT_name
	.byte	5                               @ DW_AT_decl_file
	.short	1343                            @ DW_AT_decl_line
                                        @ DW_AT_prototyped
	.byte	1                               @ DW_AT_inline
	.byte	16                              @ Abbrev [16] 0x51d:0x9 DW_TAG_subprogram
	.long	.Linfo_string89                 @ DW_AT_name
	.byte	5                               @ DW_AT_decl_file
	.short	1360                            @ DW_AT_decl_line
                                        @ DW_AT_prototyped
	.byte	1                               @ DW_AT_inline
	.byte	17                              @ Abbrev [17] 0x526:0x32 DW_TAG_subprogram
	.long	.Lfunc_begin0                   @ DW_AT_low_pc
	.long	.Lfunc_end0-.Lfunc_begin0       @ DW_AT_high_pc
	.byte	1                               @ DW_AT_frame_base
	.byte	93
                                        @ DW_AT_GNU_all_call_sites
	.long	.Linfo_string90                 @ DW_AT_name
	.byte	1                               @ DW_AT_decl_file
	.byte	14                              @ DW_AT_decl_line
                                        @ DW_AT_prototyped
                                        @ DW_AT_external
	.byte	18                              @ Abbrev [18] 0x537:0x10 DW_TAG_inlined_subroutine
	.long	1300                            @ DW_AT_abstract_origin
	.long	.Ltmp0                          @ DW_AT_low_pc
	.long	.Ltmp9-.Ltmp0                   @ DW_AT_high_pc
	.byte	1                               @ DW_AT_call_file
	.byte	17                              @ DW_AT_call_line
	.byte	5                               @ DW_AT_call_column
	.byte	18                              @ Abbrev [18] 0x547:0x10 DW_TAG_inlined_subroutine
	.long	1309                            @ DW_AT_abstract_origin
	.long	.Ltmp16                         @ DW_AT_low_pc
	.long	.Ltmp17-.Ltmp16                 @ DW_AT_high_pc
	.byte	1                               @ DW_AT_call_file
	.byte	42                              @ DW_AT_call_line
	.byte	5                               @ DW_AT_call_column
	.byte	0                               @ End Of Children Mark
	.byte	19                              @ Abbrev [19] 0x558:0x15 DW_TAG_subprogram
	.long	.Lfunc_begin1                   @ DW_AT_low_pc
	.long	.Lfunc_end1-.Lfunc_begin1       @ DW_AT_high_pc
	.byte	1                               @ DW_AT_frame_base
	.byte	93
                                        @ DW_AT_GNU_all_call_sites
	.long	.Linfo_string91                 @ DW_AT_name
	.byte	1                               @ DW_AT_decl_file
	.byte	53                              @ DW_AT_decl_line
	.long	1389                            @ DW_AT_type
                                        @ DW_AT_external
	.byte	5                               @ Abbrev [5] 0x56d:0x7 DW_TAG_base_type
	.long	.Linfo_string92                 @ DW_AT_name
	.byte	5                               @ DW_AT_encoding
	.byte	4                               @ DW_AT_byte_size
	.byte	0                               @ End Of Children Mark
.Ldebug_info_end0:
	.section	.debug_ranges,"",%progbits
.Ldebug_ranges0:
	.long	.Lfunc_begin0
	.long	.Lfunc_end0
	.long	.Lfunc_begin1
	.long	.Lfunc_end1
	.long	0
	.long	0
	.section	.debug_str,"MS",%progbits,1
.Linfo_string0:
	.asciz	"Component: Arm Compiler for Embedded 6.24 Tool: armclang [5f371800]" @ string offset=0
.Linfo_string1:
	.asciz	"..\\main.c"                    @ string offset=68
.Linfo_string2:
	.asciz	"C:\\Users\\Nitro\\Desktop\\Netelsan\\keil_nuvoton_all_files\\GPIO_Example_1\\Keil" @ string offset=78
.Linfo_string3:
	.asciz	"char"                          @ string offset=153
.Linfo_string4:
	.asciz	"__ARRAY_SIZE_TYPE__"           @ string offset=158
.Linfo_string5:
	.asciz	"PDID"                          @ string offset=178
.Linfo_string6:
	.asciz	"unsigned int"                  @ string offset=183
.Linfo_string7:
	.asciz	"uint32_t"                      @ string offset=196
.Linfo_string8:
	.asciz	"RSTSTS"                        @ string offset=205
.Linfo_string9:
	.asciz	"IPRST0"                        @ string offset=212
.Linfo_string10:
	.asciz	"IPRST1"                        @ string offset=219
.Linfo_string11:
	.asciz	"IPRST2"                        @ string offset=226
.Linfo_string12:
	.asciz	"RESERVE0"                      @ string offset=233
.Linfo_string13:
	.asciz	"BODCTL"                        @ string offset=242
.Linfo_string14:
	.asciz	"RESERVE1"                      @ string offset=249
.Linfo_string15:
	.asciz	"PORCTL"                        @ string offset=258
.Linfo_string16:
	.asciz	"RESERVE2"                      @ string offset=265
.Linfo_string17:
	.asciz	"GPA_MFPL"                      @ string offset=274
.Linfo_string18:
	.asciz	"GPA_MFPH"                      @ string offset=283
.Linfo_string19:
	.asciz	"GPB_MFPL"                      @ string offset=292
.Linfo_string20:
	.asciz	"GPB_MFPH"                      @ string offset=301
.Linfo_string21:
	.asciz	"GPC_MFPL"                      @ string offset=310
.Linfo_string22:
	.asciz	"GPC_MFPH"                      @ string offset=319
.Linfo_string23:
	.asciz	"GPD_MFPL"                      @ string offset=328
.Linfo_string24:
	.asciz	"GPD_MFPH"                      @ string offset=337
.Linfo_string25:
	.asciz	"GPE_MFPL"                      @ string offset=346
.Linfo_string26:
	.asciz	"GPE_MFPH"                      @ string offset=355
.Linfo_string27:
	.asciz	"GPF_MFPL"                      @ string offset=364
.Linfo_string28:
	.asciz	"GPF_MFPH"                      @ string offset=373
.Linfo_string29:
	.asciz	"GPG_MFPL"                      @ string offset=382
.Linfo_string30:
	.asciz	"GPG_MFPH"                      @ string offset=391
.Linfo_string31:
	.asciz	"GPH_MFPL"                      @ string offset=400
.Linfo_string32:
	.asciz	"GPH_MFPH"                      @ string offset=409
.Linfo_string33:
	.asciz	"RESERVE3"                      @ string offset=418
.Linfo_string34:
	.asciz	"LPLDOCTL"                      @ string offset=427
.Linfo_string35:
	.asciz	"RESERVE4"                      @ string offset=436
.Linfo_string36:
	.asciz	"MODCTL"                        @ string offset=445
.Linfo_string37:
	.asciz	"RESERVE5"                      @ string offset=452
.Linfo_string38:
	.asciz	"SRAM_BISTCTL"                  @ string offset=461
.Linfo_string39:
	.asciz	"SRAM_BISTSTS"                  @ string offset=474
.Linfo_string40:
	.asciz	"SRAM_PARITY"                   @ string offset=487
.Linfo_string41:
	.asciz	"SRAM_INTCTL"                   @ string offset=499
.Linfo_string42:
	.asciz	"SRAM_STATUS"                   @ string offset=511
.Linfo_string43:
	.asciz	"SRAM_ERRADDR"                  @ string offset=523
.Linfo_string44:
	.asciz	"RESERVE6"                      @ string offset=536
.Linfo_string45:
	.asciz	"HIRCTRIMCTL"                   @ string offset=545
.Linfo_string46:
	.asciz	"HIRCTRIMIEN"                   @ string offset=557
.Linfo_string47:
	.asciz	"HIRCTRIMSTS"                   @ string offset=569
.Linfo_string48:
	.asciz	"RESERVE7"                      @ string offset=581
.Linfo_string49:
	.asciz	"REGLCTL"                       @ string offset=590
.Linfo_string50:
	.asciz	"RESERVE8"                      @ string offset=598
.Linfo_string51:
	.asciz	"HIRCADJ"                       @ string offset=607
.Linfo_string52:
	.asciz	"RESERVE9"                      @ string offset=615
.Linfo_string53:
	.asciz	"LDOTRIM"                       @ string offset=624
.Linfo_string54:
	.asciz	"LVR16TRIM"                     @ string offset=632
.Linfo_string55:
	.asciz	"RESERVE10"                     @ string offset=642
.Linfo_string56:
	.asciz	"LIRCT"                         @ string offset=652
.Linfo_string57:
	.asciz	"RESERVE11"                     @ string offset=658
.Linfo_string58:
	.asciz	"LVR17TRIM"                     @ string offset=668
.Linfo_string59:
	.asciz	"LVR20TRIM"                     @ string offset=678
.Linfo_string60:
	.asciz	"LVR25TRIM"                     @ string offset=688
.Linfo_string61:
	.asciz	"uLDOVITRIM"                    @ string offset=698
.Linfo_string62:
	.asciz	"LVRITRIMSEL"                   @ string offset=709
.Linfo_string63:
	.asciz	"RESERVE12"                     @ string offset=721
.Linfo_string64:
	.asciz	"HIRCTCTL"                      @ string offset=731
.Linfo_string65:
	.asciz	"ADCCHIP"                       @ string offset=740
.Linfo_string66:
	.asciz	"HXTTCTL"                       @ string offset=748
.Linfo_string67:
	.asciz	"RESERVE13"                     @ string offset=756
.Linfo_string68:
	.asciz	"PORDISAN"                      @ string offset=766
.Linfo_string69:
	.asciz	"SYS_T"                         @ string offset=775
.Linfo_string70:
	.asciz	"DAT"                           @ string offset=781
.Linfo_string71:
	.asciz	"INTEN"                         @ string offset=785
.Linfo_string72:
	.asciz	"FIFO"                          @ string offset=791
.Linfo_string73:
	.asciz	"LINE"                          @ string offset=796
.Linfo_string74:
	.asciz	"MODEM"                         @ string offset=801
.Linfo_string75:
	.asciz	"MODEMSTS"                      @ string offset=807
.Linfo_string76:
	.asciz	"FIFOSTS"                       @ string offset=816
.Linfo_string77:
	.asciz	"INTSTS"                        @ string offset=824
.Linfo_string78:
	.asciz	"TOUT"                          @ string offset=831
.Linfo_string79:
	.asciz	"BAUD"                          @ string offset=836
.Linfo_string80:
	.asciz	"IRDA"                          @ string offset=841
.Linfo_string81:
	.asciz	"ALTCTL"                        @ string offset=846
.Linfo_string82:
	.asciz	"FUNCSEL"                       @ string offset=853
.Linfo_string83:
	.asciz	"BRCOMP"                        @ string offset=861
.Linfo_string84:
	.asciz	"WKCTL"                         @ string offset=868
.Linfo_string85:
	.asciz	"WKSTS"                         @ string offset=874
.Linfo_string86:
	.asciz	"DWKCOMP"                       @ string offset=880
.Linfo_string87:
	.asciz	"UART_T"                        @ string offset=888
.Linfo_string88:
	.asciz	"SYS_UnlockReg"                 @ string offset=895
.Linfo_string89:
	.asciz	"SYS_LockReg"                   @ string offset=909
.Linfo_string90:
	.asciz	"SYS_Init"                      @ string offset=921
.Linfo_string91:
	.asciz	"main"                          @ string offset=930
.Linfo_string92:
	.asciz	"int"                           @ string offset=935
	.ident	"Component: Arm Compiler for Embedded 6.24 Tool: armclang [5f371800]"
	.section	".note.GNU-stack","",%progbits
	.eabi_attribute	30, 1	@ Tag_ABI_optimization_goals
	.ARM_attribute	16, 1	@ Tag_AV_eba
	.section	.debug_line,"",%progbits
.Lline_table_start0:
